24-12-2020 07:55:11.149 INFO  [main] com.la.BankAApp - No active profile set, falling back to default profiles: default
24-12-2020 07:55:12.941 INFO  [main] o.s.d.r.c.RepositoryConfigurationDelegate - Bootstrapping Spring Data JPA repositories in DEFAULT mode.
24-12-2020 07:55:13.154 INFO  [main] o.s.d.r.c.RepositoryConfigurationDelegate - Finished Spring Data repository scanning in 192ms. Found 6 JPA repository interfaces.
24-12-2020 07:55:13.534 INFO  [main] o.s.cloud.context.scope.GenericScope - BeanFactory id=27dbf532-46b7-3bf3-addb-5075722a1010
24-12-2020 07:55:13.630 INFO  [main] o.s.c.s.PostProcessorRegistrationDelegate$BeanPostProcessorChecker - Bean 'com.la.feign.PaymentConcetratorFeignClient' of type [org.springframework.cloud.openfeign.FeignClientFactoryBean] is not eligible for getting processed by all BeanPostProcessors (for example: not eligible for auto-proxying)
24-12-2020 07:55:14.036 INFO  [main] o.s.b.w.e.tomcat.TomcatWebServer - Tomcat initialized with port(s): 8084 (http)
24-12-2020 07:55:14.051 INFO  [main] o.a.coyote.http11.Http11NioProtocol - Initializing ProtocolHandler ["http-nio-8084"]
24-12-2020 07:55:14.052 INFO  [main] o.a.catalina.core.StandardService - Starting service [Tomcat]
24-12-2020 07:55:14.053 INFO  [main] o.a.catalina.core.StandardEngine - Starting Servlet engine: [Apache Tomcat/9.0.33]
24-12-2020 07:55:14.459 INFO  [main] o.a.c.c.C.[Tomcat].[localhost].[/] - Initializing Spring embedded WebApplicationContext
24-12-2020 07:55:14.460 INFO  [main] o.s.web.context.ContextLoader - Root WebApplicationContext: initialization completed in 3266 ms
24-12-2020 07:55:14.903 INFO  [main] o.h.jpa.internal.util.LogHelper - HHH000204: Processing PersistenceUnitInfo [name: default]
24-12-2020 07:55:15.080 INFO  [main] org.hibernate.Version - HHH000412: Hibernate ORM core version 5.4.12.Final
24-12-2020 07:55:15.318 INFO  [main] o.h.annotations.common.Version - HCANN000001: Hibernate Commons Annotations {5.1.0.Final}
24-12-2020 07:55:15.491 INFO  [main] com.zaxxer.hikari.HikariDataSource - HikariPool-1 - Starting...
24-12-2020 07:55:15.762 INFO  [main] com.zaxxer.hikari.HikariDataSource - HikariPool-1 - Start completed.
24-12-2020 07:55:15.785 INFO  [main] org.hibernate.dialect.Dialect - HHH000400: Using dialect: org.hibernate.dialect.MySQL8Dialect
24-12-2020 07:55:21.214 INFO  [main] o.h.e.t.j.p.i.JtaPlatformInitiator - HHH000490: Using JtaPlatform implementation: [org.hibernate.engine.transaction.jta.platform.internal.NoJtaPlatform]
24-12-2020 07:55:21.231 INFO  [main] o.s.o.j.LocalContainerEntityManagerFactoryBean - Initialized JPA EntityManagerFactory for persistence unit 'default'
24-12-2020 07:55:22.769 INFO  [main] c.n.c.sources.URLConfigurationSource - To enable URLs as dynamic configuration sources, define System property archaius.configurationSource.additionalUrls or make config.properties available on classpath.
24-12-2020 07:55:22.777 INFO  [main] c.n.c.sources.URLConfigurationSource - To enable URLs as dynamic configuration sources, define System property archaius.configurationSource.additionalUrls or make config.properties available on classpath.
24-12-2020 07:55:23.854 INFO  [main] o.s.c.n.eureka.InstanceInfoFactory - Setting initial instance status as: STARTING
24-12-2020 07:55:23.924 INFO  [main] c.netflix.discovery.DiscoveryClient - Initializing Eureka in region us-east-1
24-12-2020 07:55:24.258 INFO  [main] c.n.d.p.DiscoveryJerseyProvider - Using JSON encoding codec LegacyJacksonJson
24-12-2020 07:55:24.258 INFO  [main] c.n.d.p.DiscoveryJerseyProvider - Using JSON decoding codec LegacyJacksonJson
24-12-2020 07:55:24.447 INFO  [main] c.n.d.p.DiscoveryJerseyProvider - Using XML encoding codec XStreamXml
24-12-2020 07:55:24.447 INFO  [main] c.n.d.p.DiscoveryJerseyProvider - Using XML decoding codec XStreamXml
24-12-2020 07:55:24.996 INFO  [main] c.n.d.s.r.aws.ConfigClusterResolver - Resolving eureka endpoints via configuration
24-12-2020 07:55:25.049 INFO  [main] c.netflix.discovery.DiscoveryClient - Disable delta property : false
24-12-2020 07:55:25.049 INFO  [main] c.netflix.discovery.DiscoveryClient - Single vip registry refresh property : null
24-12-2020 07:55:25.050 INFO  [main] c.netflix.discovery.DiscoveryClient - Force full registry fetch : false
24-12-2020 07:55:25.050 INFO  [main] c.netflix.discovery.DiscoveryClient - Application is null : false
24-12-2020 07:55:25.050 INFO  [main] c.netflix.discovery.DiscoveryClient - Registered Applications size is zero : true
24-12-2020 07:55:25.051 INFO  [main] c.netflix.discovery.DiscoveryClient - Application version is -1: true
24-12-2020 07:55:25.051 INFO  [main] c.netflix.discovery.DiscoveryClient - Getting all instance registry info from the eureka server
24-12-2020 07:55:25.184 INFO  [main] c.netflix.discovery.DiscoveryClient - The response status is 200
24-12-2020 07:55:25.192 INFO  [main] c.netflix.discovery.DiscoveryClient - Starting heartbeat executor: renew interval is: 30
24-12-2020 07:55:25.200 INFO  [main] c.n.discovery.InstanceInfoReplicator - InstanceInfoReplicator onDemand update allowed rate per min is 4
24-12-2020 07:55:25.221 INFO  [main] c.netflix.discovery.DiscoveryClient - Discovery Client initialized at timestamp 1608792925218 with initial instances count: 0
24-12-2020 07:55:25.224 INFO  [main] o.s.c.n.e.s.EurekaServiceRegistry - Registering application BANK-A with eureka with status UP
24-12-2020 07:55:25.226 INFO  [main] c.netflix.discovery.DiscoveryClient - Saw local status change event StatusChangeEvent [timestamp=1608792925226, current=UP, previous=STARTING]
24-12-2020 07:55:25.229 INFO  [DiscoveryClient-InstanceInfoReplicator-0] c.netflix.discovery.DiscoveryClient - DiscoveryClient_BANK-A/DESKTOP-S8EDMMJ.mshome.net:bank-a:8084: registering service...
24-12-2020 07:55:25.255 INFO  [main] o.a.coyote.http11.Http11NioProtocol - Starting ProtocolHandler ["http-nio-8084"]
24-12-2020 07:55:25.329 INFO  [main] o.s.b.w.e.tomcat.TomcatWebServer - Tomcat started on port(s): 8084 (http) with context path ''
24-12-2020 07:55:25.331 INFO  [main] o.s.c.n.e.s.EurekaAutoServiceRegistration - Updating port to 8084
24-12-2020 07:55:25.376 INFO  [DiscoveryClient-InstanceInfoReplicator-0] c.netflix.discovery.DiscoveryClient - DiscoveryClient_BANK-A/DESKTOP-S8EDMMJ.mshome.net:bank-a:8084 - registration status: 204
24-12-2020 07:55:25.649 INFO  [main] com.la.BankAApp - Started BankAApp in 18.009 seconds (JVM running for 21.619)
24-12-2020 07:55:55.227 INFO  [DiscoveryClient-CacheRefreshExecutor-0] c.netflix.discovery.DiscoveryClient - Disable delta property : false
24-12-2020 07:55:55.229 INFO  [DiscoveryClient-CacheRefreshExecutor-0] c.netflix.discovery.DiscoveryClient - Single vip registry refresh property : null
24-12-2020 07:55:55.230 INFO  [DiscoveryClient-CacheRefreshExecutor-0] c.netflix.discovery.DiscoveryClient - Force full registry fetch : false
24-12-2020 07:55:55.230 INFO  [DiscoveryClient-CacheRefreshExecutor-0] c.netflix.discovery.DiscoveryClient - Application is null : false
24-12-2020 07:55:55.230 INFO  [DiscoveryClient-CacheRefreshExecutor-0] c.netflix.discovery.DiscoveryClient - Registered Applications size is zero : true
24-12-2020 07:55:55.230 INFO  [DiscoveryClient-CacheRefreshExecutor-0] c.netflix.discovery.DiscoveryClient - Application version is -1: false
24-12-2020 07:55:55.230 INFO  [DiscoveryClient-CacheRefreshExecutor-0] c.netflix.discovery.DiscoveryClient - Getting all instance registry info from the eureka server
24-12-2020 07:55:55.370 INFO  [DiscoveryClient-CacheRefreshExecutor-0] c.netflix.discovery.DiscoveryClient - The response status is 200
24-12-2020 07:57:20.193 INFO  [main] com.la.PaymentConcentratorApp - No active profile set, falling back to default profiles: default
24-12-2020 07:57:21.601 INFO  [main] o.s.d.r.c.RepositoryConfigurationDelegate - Bootstrapping Spring Data JPA repositories in DEFAULT mode.
24-12-2020 07:57:21.795 INFO  [main] o.s.d.r.c.RepositoryConfigurationDelegate - Finished Spring Data repository scanning in 180ms. Found 8 JPA repository interfaces.
24-12-2020 07:57:22.222 INFO  [main] o.s.cloud.context.scope.GenericScope - BeanFactory id=66f2c991-ceb7-3666-ba98-94e337a30495
24-12-2020 07:57:22.391 INFO  [main] o.s.c.s.PostProcessorRegistrationDelegate$BeanPostProcessorChecker - Bean 'com.la.feign.BankFeignClient' of type [org.springframework.cloud.openfeign.FeignClientFactoryBean] is not eligible for getting processed by all BeanPostProcessors (for example: not eligible for auto-proxying)
24-12-2020 07:57:22.684 INFO  [main] o.s.c.s.PostProcessorRegistrationDelegate$BeanPostProcessorChecker - Bean 'org.springframework.security.config.annotation.configuration.ObjectPostProcessorConfiguration' of type [org.springframework.security.config.annotation.configuration.ObjectPostProcessorConfiguration] is not eligible for getting processed by all BeanPostProcessors (for example: not eligible for auto-proxying)
24-12-2020 07:57:22.689 INFO  [main] o.s.c.s.PostProcessorRegistrationDelegate$BeanPostProcessorChecker - Bean 'objectPostProcessor' of type [org.springframework.security.config.annotation.configuration.AutowireBeanFactoryObjectPostProcessor] is not eligible for getting processed by all BeanPostProcessors (for example: not eligible for auto-proxying)
24-12-2020 07:57:22.691 INFO  [main] o.s.c.s.PostProcessorRegistrationDelegate$BeanPostProcessorChecker - Bean 'org.springframework.security.access.expression.method.DefaultMethodSecurityExpressionHandler@1b7f06c7' of type [org.springframework.security.access.expression.method.DefaultMethodSecurityExpressionHandler] is not eligible for getting processed by all BeanPostProcessors (for example: not eligible for auto-proxying)
24-12-2020 07:57:22.697 INFO  [main] o.s.c.s.PostProcessorRegistrationDelegate$BeanPostProcessorChecker - Bean 'org.springframework.security.config.annotation.method.configuration.GlobalMethodSecurityConfiguration' of type [org.springframework.security.config.annotation.method.configuration.GlobalMethodSecurityConfiguration] is not eligible for getting processed by all BeanPostProcessors (for example: not eligible for auto-proxying)
24-12-2020 07:57:22.703 INFO  [main] o.s.c.s.PostProcessorRegistrationDelegate$BeanPostProcessorChecker - Bean 'methodSecurityMetadataSource' of type [org.springframework.security.access.method.DelegatingMethodSecurityMetadataSource] is not eligible for getting processed by all BeanPostProcessors (for example: not eligible for auto-proxying)
24-12-2020 07:57:23.181 INFO  [main] o.s.b.w.e.tomcat.TomcatWebServer - Tomcat initialized with port(s): 8081 (http)
24-12-2020 07:57:23.196 INFO  [main] o.a.coyote.http11.Http11NioProtocol - Initializing ProtocolHandler ["http-nio-8081"]
24-12-2020 07:57:23.197 INFO  [main] o.a.catalina.core.StandardService - Starting service [Tomcat]
24-12-2020 07:57:23.198 INFO  [main] o.a.catalina.core.StandardEngine - Starting Servlet engine: [Apache Tomcat/9.0.33]
24-12-2020 07:57:23.500 INFO  [main] o.a.c.c.C.[Tomcat].[localhost].[/] - Initializing Spring embedded WebApplicationContext
24-12-2020 07:57:23.500 INFO  [main] o.s.web.context.ContextLoader - Root WebApplicationContext: initialization completed in 3276 ms
24-12-2020 07:57:23.681 INFO  [main] c.n.c.sources.URLConfigurationSource - To enable URLs as dynamic configuration sources, define System property archaius.configurationSource.additionalUrls or make config.properties available on classpath.
24-12-2020 07:57:23.694 INFO  [main] c.n.config.DynamicPropertyFactory - DynamicPropertyFactory is initialized with configuration sources: com.netflix.config.ConcurrentCompositeConfiguration@3915e7c3
24-12-2020 07:57:23.990 INFO  [main] o.h.jpa.internal.util.LogHelper - HHH000204: Processing PersistenceUnitInfo [name: default]
24-12-2020 07:57:24.165 INFO  [main] org.hibernate.Version - HHH000412: Hibernate ORM core version 5.4.12.Final
24-12-2020 07:57:24.364 INFO  [main] o.h.annotations.common.Version - HCANN000001: Hibernate Commons Annotations {5.1.0.Final}
24-12-2020 07:57:24.521 INFO  [main] com.zaxxer.hikari.HikariDataSource - HikariPool-1 - Starting...
24-12-2020 07:57:24.700 INFO  [main] com.zaxxer.hikari.HikariDataSource - HikariPool-1 - Start completed.
24-12-2020 07:57:24.717 INFO  [main] org.hibernate.dialect.Dialect - HHH000400: Using dialect: org.hibernate.dialect.MySQL8Dialect
24-12-2020 07:57:32.415 INFO  [main] o.h.e.t.j.p.i.JtaPlatformInitiator - HHH000490: Using JtaPlatform implementation: [org.hibernate.engine.transaction.jta.platform.internal.NoJtaPlatform]
24-12-2020 07:57:32.431 INFO  [main] o.s.o.j.LocalContainerEntityManagerFactoryBean - Initialized JPA EntityManagerFactory for persistence unit 'default'
24-12-2020 07:57:35.369 INFO  [main] o.s.c.n.eureka.InstanceInfoFactory - Setting initial instance status as: STARTING
24-12-2020 07:57:35.435 INFO  [main] c.netflix.discovery.DiscoveryClient - Initializing Eureka in region us-east-1
24-12-2020 07:57:35.676 INFO  [main] c.n.d.p.DiscoveryJerseyProvider - Using JSON encoding codec LegacyJacksonJson
24-12-2020 07:57:35.676 INFO  [main] c.n.d.p.DiscoveryJerseyProvider - Using JSON decoding codec LegacyJacksonJson
24-12-2020 07:57:35.890 INFO  [main] c.n.d.p.DiscoveryJerseyProvider - Using XML encoding codec XStreamXml
24-12-2020 07:57:35.890 INFO  [main] c.n.d.p.DiscoveryJerseyProvider - Using XML decoding codec XStreamXml
24-12-2020 07:57:36.370 INFO  [main] c.n.d.s.r.aws.ConfigClusterResolver - Resolving eureka endpoints via configuration
24-12-2020 07:57:36.421 INFO  [main] c.netflix.discovery.DiscoveryClient - Disable delta property : false
24-12-2020 07:57:36.421 INFO  [main] c.netflix.discovery.DiscoveryClient - Single vip registry refresh property : null
24-12-2020 07:57:36.422 INFO  [main] c.netflix.discovery.DiscoveryClient - Force full registry fetch : false
24-12-2020 07:57:36.426 INFO  [main] c.netflix.discovery.DiscoveryClient - Application is null : false
24-12-2020 07:57:36.426 INFO  [main] c.netflix.discovery.DiscoveryClient - Registered Applications size is zero : true
24-12-2020 07:57:36.427 INFO  [main] c.netflix.discovery.DiscoveryClient - Application version is -1: true
24-12-2020 07:57:36.427 INFO  [main] c.netflix.discovery.DiscoveryClient - Getting all instance registry info from the eureka server
24-12-2020 07:57:36.651 INFO  [main] c.netflix.discovery.DiscoveryClient - The response status is 200
24-12-2020 07:57:36.661 INFO  [main] c.netflix.discovery.DiscoveryClient - Starting heartbeat executor: renew interval is: 30
24-12-2020 07:57:36.670 INFO  [main] c.n.discovery.InstanceInfoReplicator - InstanceInfoReplicator onDemand update allowed rate per min is 4
24-12-2020 07:57:36.689 INFO  [main] c.netflix.discovery.DiscoveryClient - Discovery Client initialized at timestamp 1608793056688 with initial instances count: 2
24-12-2020 07:57:37.077 INFO  [main] c.n.c.sources.URLConfigurationSource - To enable URLs as dynamic configuration sources, define System property archaius.configurationSource.additionalUrls or make config.properties available on classpath.
24-12-2020 07:57:37.570 INFO  [main] o.s.s.web.DefaultSecurityFilterChain - Creating filter chain: Ant [pattern='/api/auth/**', POST], []
24-12-2020 07:57:37.570 INFO  [main] o.s.s.web.DefaultSecurityFilterChain - Creating filter chain: Ant [pattern='/api/auth', PUT], []
24-12-2020 07:57:37.571 INFO  [main] o.s.s.web.DefaultSecurityFilterChain - Creating filter chain: Ant [pattern='/', GET], []
24-12-2020 07:57:37.571 INFO  [main] o.s.s.web.DefaultSecurityFilterChain - Creating filter chain: Ant [pattern='/webjars/**', GET], []
24-12-2020 07:57:37.571 INFO  [main] o.s.s.web.DefaultSecurityFilterChain - Creating filter chain: Ant [pattern='/*.html', GET], []
24-12-2020 07:57:37.572 INFO  [main] o.s.s.web.DefaultSecurityFilterChain - Creating filter chain: Ant [pattern='/favicon.ico', GET], []
24-12-2020 07:57:37.572 INFO  [main] o.s.s.web.DefaultSecurityFilterChain - Creating filter chain: Ant [pattern='/**/*.html', GET], []
24-12-2020 07:57:37.572 INFO  [main] o.s.s.web.DefaultSecurityFilterChain - Creating filter chain: Ant [pattern='/**/*.css', GET], []
24-12-2020 07:57:37.572 INFO  [main] o.s.s.web.DefaultSecurityFilterChain - Creating filter chain: Ant [pattern='/**/*.js', GET], []
24-12-2020 07:57:37.572 INFO  [main] o.s.s.web.DefaultSecurityFilterChain - Creating filter chain: Ant [pattern='/assets/**', GET], []
24-12-2020 07:57:37.630 INFO  [main] o.s.b.a.e.web.EndpointLinksResolver - Exposing 2 endpoint(s) beneath base path '/actuator'
24-12-2020 07:57:37.665 INFO  [main] o.s.s.web.DefaultSecurityFilterChain - Creating filter chain: any request, [org.springframework.security.web.context.request.async.WebAsyncManagerIntegrationFilter@543669de, org.springframework.security.web.context.SecurityContextPersistenceFilter@17d13926, org.springframework.security.web.header.HeaderWriterFilter@770635f8, org.springframework.web.filter.CorsFilter@3808bdfc, org.springframework.security.web.authentication.logout.LogoutFilter@78002333, com.la.security.auth.TokenAuthenticationFilter@5f709b99, org.springframework.security.web.savedrequest.RequestCacheAwareFilter@53fd061d, org.springframework.security.web.servletapi.SecurityContextHolderAwareRequestFilter@742ce3ad, org.springframework.security.web.authentication.AnonymousAuthenticationFilter@46ebfc09, org.springframework.security.web.session.SessionManagementFilter@127c5f20, org.springframework.security.web.access.ExceptionTranslationFilter@aad7ade, org.springframework.security.web.access.intercept.FilterSecurityInterceptor@2a8e93db]
24-12-2020 07:57:37.879 INFO  [main] o.s.c.n.zuul.ZuulFilterInitializer - Starting filter initializer
24-12-2020 07:57:37.968 INFO  [main] o.s.c.n.e.s.EurekaServiceRegistry - Registering application ZUUL-API-GATEWAY with eureka with status UP
24-12-2020 07:57:37.968 INFO  [main] c.netflix.discovery.DiscoveryClient - Saw local status change event StatusChangeEvent [timestamp=1608793057968, current=UP, previous=STARTING]
24-12-2020 07:57:37.971 INFO  [DiscoveryClient-InstanceInfoReplicator-0] c.netflix.discovery.DiscoveryClient - DiscoveryClient_ZUUL-API-GATEWAY/DESKTOP-S8EDMMJ.mshome.net:zuul-api-gateway:8081: registering service...
24-12-2020 07:57:38.000 INFO  [main] o.a.coyote.http11.Http11NioProtocol - Starting ProtocolHandler ["http-nio-8081"]
24-12-2020 07:57:38.016 INFO  [DiscoveryClient-InstanceInfoReplicator-0] c.netflix.discovery.DiscoveryClient - DiscoveryClient_ZUUL-API-GATEWAY/DESKTOP-S8EDMMJ.mshome.net:zuul-api-gateway:8081 - registration status: 204
24-12-2020 07:57:38.042 INFO  [main] o.s.b.w.e.tomcat.TomcatWebServer - Tomcat started on port(s): 8081 (http) with context path ''
24-12-2020 07:57:38.044 INFO  [main] o.s.c.n.e.s.EurekaAutoServiceRegistration - Updating port to 8081
24-12-2020 07:57:38.319 INFO  [main] com.la.PaymentConcentratorApp - Started PaymentConcentratorApp in 20.946 seconds (JVM running for 25.065)
24-12-2020 08:00:25.069 INFO  [AsyncResolver-bootstrap-executor-0] c.n.d.s.r.aws.ConfigClusterResolver - Resolving eureka endpoints via configuration
24-12-2020 08:00:29.868 INFO  [http-nio-8084-exec-1] o.a.c.c.C.[Tomcat].[localhost].[/] - Initializing Spring DispatcherServlet 'dispatcherServlet'
24-12-2020 08:00:29.871 INFO  [http-nio-8084-exec-1] o.s.web.servlet.DispatcherServlet - Initializing Servlet 'dispatcherServlet'
24-12-2020 08:00:30.099 INFO  [http-nio-8084-exec-1] o.s.web.servlet.DispatcherServlet - Completed initialization in 226 ms
24-12-2020 08:02:36.443 INFO  [AsyncResolver-bootstrap-executor-0] c.n.d.s.r.aws.ConfigClusterResolver - Resolving eureka endpoints via configuration
24-12-2020 08:03:46.103 INFO  [http-nio-8081-exec-2] o.a.c.c.C.[Tomcat].[localhost].[/] - Initializing Spring DispatcherServlet 'dispatcherServlet'
24-12-2020 08:03:46.105 INFO  [http-nio-8081-exec-2] o.s.web.servlet.DispatcherServlet - Initializing Servlet 'dispatcherServlet'
24-12-2020 08:03:46.142 INFO  [http-nio-8081-exec-2] o.s.web.servlet.DispatcherServlet - Completed initialization in 37 ms
24-12-2020 08:05:25.078 INFO  [AsyncResolver-bootstrap-executor-0] c.n.d.s.r.aws.ConfigClusterResolver - Resolving eureka endpoints via configuration
24-12-2020 08:06:17.373 INFO  [http-nio-8081-exec-7] c.n.config.ChainedDynamicProperty - Flipping property: bank-a.ribbon.ActiveConnectionsLimit to use NEXT property: niws.loadbalancer.availabilityFilteringRule.activeConnectionsLimit = 2147483647
24-12-2020 08:06:17.429 INFO  [http-nio-8081-exec-7] c.n.u.c.ShutdownEnabledTimer - Shutdown hook installed for: NFLoadBalancer-PingTimer-bank-a
24-12-2020 08:06:17.430 INFO  [http-nio-8081-exec-7] c.n.loadbalancer.BaseLoadBalancer - Client: bank-a instantiated a LoadBalancer: DynamicServerListLoadBalancer:{NFLoadBalancer:name=bank-a,current list of Servers=[],Load balancer stats=Zone stats: {},Server stats: []}ServerList:null
24-12-2020 08:06:17.456 INFO  [http-nio-8081-exec-7] c.n.l.DynamicServerListLoadBalancer - Using serverListUpdater PollingServerListUpdater
24-12-2020 08:06:17.509 INFO  [http-nio-8081-exec-7] c.n.config.ChainedDynamicProperty - Flipping property: bank-a.ribbon.ActiveConnectionsLimit to use NEXT property: niws.loadbalancer.availabilityFilteringRule.activeConnectionsLimit = 2147483647
24-12-2020 08:06:17.517 INFO  [http-nio-8081-exec-7] c.n.l.DynamicServerListLoadBalancer - DynamicServerListLoadBalancer for client bank-a initialized: DynamicServerListLoadBalancer:{NFLoadBalancer:name=bank-a,current list of Servers=[192.168.21.33:8084],Load balancer stats=Zone stats: {defaultzone=[Zone:defaultzone;	Instance count:1;	Active connections count: 0;	Circuit breaker tripped count: 0;	Active connections per server: 0.0;]
},Server stats: [[Server:192.168.21.33:8084;	Zone:defaultZone;	Total Requests:0;	Successive connection failure:0;	Total blackout seconds:0;	Last connection made:Thu Jan 01 01:00:00 CET 1970;	First connection made: Thu Jan 01 01:00:00 CET 1970;	Active Connections:0;	total failure count in last (1000) msecs:0;	average resp time:0.0;	90 percentile resp time:0.0;	95 percentile resp time:0.0;	min resp time:0.0;	max resp time:0.0;	stddev resp time:0.0]
]}ServerList:org.springframework.cloud.netflix.ribbon.eureka.DomainExtractingServerList@256c4baf
24-12-2020 08:06:18.462 INFO  [PollingServerListUpdater-0] c.n.config.ChainedDynamicProperty - Flipping property: bank-a.ribbon.ActiveConnectionsLimit to use NEXT property: niws.loadbalancer.availabilityFilteringRule.activeConnectionsLimit = 2147483647
24-12-2020 08:07:12.918 INFO  [http-nio-8084-exec-4] c.n.config.ChainedDynamicProperty - Flipping property: zuul-api-gateway.ribbon.ActiveConnectionsLimit to use NEXT property: niws.loadbalancer.availabilityFilteringRule.activeConnectionsLimit = 2147483647
24-12-2020 08:07:12.976 INFO  [http-nio-8084-exec-4] c.n.u.c.ShutdownEnabledTimer - Shutdown hook installed for: NFLoadBalancer-PingTimer-zuul-api-gateway
24-12-2020 08:07:12.978 INFO  [http-nio-8084-exec-4] c.n.loadbalancer.BaseLoadBalancer - Client: zuul-api-gateway instantiated a LoadBalancer: DynamicServerListLoadBalancer:{NFLoadBalancer:name=zuul-api-gateway,current list of Servers=[],Load balancer stats=Zone stats: {},Server stats: []}ServerList:null
24-12-2020 08:07:12.997 INFO  [http-nio-8084-exec-4] c.n.l.DynamicServerListLoadBalancer - Using serverListUpdater PollingServerListUpdater
24-12-2020 08:07:13.038 INFO  [http-nio-8084-exec-4] c.n.config.ChainedDynamicProperty - Flipping property: zuul-api-gateway.ribbon.ActiveConnectionsLimit to use NEXT property: niws.loadbalancer.availabilityFilteringRule.activeConnectionsLimit = 2147483647
24-12-2020 08:07:13.046 INFO  [http-nio-8084-exec-4] c.n.l.DynamicServerListLoadBalancer - DynamicServerListLoadBalancer for client zuul-api-gateway initialized: DynamicServerListLoadBalancer:{NFLoadBalancer:name=zuul-api-gateway,current list of Servers=[192.168.21.33:8081],Load balancer stats=Zone stats: {defaultzone=[Zone:defaultzone;	Instance count:1;	Active connections count: 0;	Circuit breaker tripped count: 0;	Active connections per server: 0.0;]
},Server stats: [[Server:192.168.21.33:8081;	Zone:defaultZone;	Total Requests:0;	Successive connection failure:0;	Total blackout seconds:0;	Last connection made:Thu Jan 01 01:00:00 CET 1970;	First connection made: Thu Jan 01 01:00:00 CET 1970;	Active Connections:0;	total failure count in last (1000) msecs:0;	average resp time:0.0;	90 percentile resp time:0.0;	95 percentile resp time:0.0;	min resp time:0.0;	max resp time:0.0;	stddev resp time:0.0]
]}ServerList:org.springframework.cloud.netflix.ribbon.eureka.DomainExtractingServerList@16aec95a
24-12-2020 08:07:13.244 INFO  [http-nio-8084-exec-4] c.l.controller.TransactionController - Date : 2020-12-24T08:07:13.243422, Bank payment successful. Info : Successful bank transaction.
24-12-2020 08:07:14.003 INFO  [PollingServerListUpdater-0] c.n.config.ChainedDynamicProperty - Flipping property: zuul-api-gateway.ribbon.ActiveConnectionsLimit to use NEXT property: niws.loadbalancer.availabilityFilteringRule.activeConnectionsLimit = 2147483647
24-12-2020 08:07:36.455 INFO  [AsyncResolver-bootstrap-executor-0] c.n.d.s.r.aws.ConfigClusterResolver - Resolving eureka endpoints via configuration
24-12-2020 08:10:25.082 INFO  [AsyncResolver-bootstrap-executor-0] c.n.d.s.r.aws.ConfigClusterResolver - Resolving eureka endpoints via configuration
24-12-2020 08:12:36.456 INFO  [AsyncResolver-bootstrap-executor-0] c.n.d.s.r.aws.ConfigClusterResolver - Resolving eureka endpoints via configuration
24-12-2020 08:15:25.086 INFO  [AsyncResolver-bootstrap-executor-0] c.n.d.s.r.aws.ConfigClusterResolver - Resolving eureka endpoints via configuration
24-12-2020 08:17:36.472 INFO  [AsyncResolver-bootstrap-executor-0] c.n.d.s.r.aws.ConfigClusterResolver - Resolving eureka endpoints via configuration
24-12-2020 08:18:57.786 INFO  [http-nio-8084-exec-6] c.l.controller.TransactionController - Date : 2020-12-24T08:18:57.786506400, Bank payment successful. Info : Successful bank transaction.
24-12-2020 08:20:25.089 INFO  [AsyncResolver-bootstrap-executor-0] c.n.d.s.r.aws.ConfigClusterResolver - Resolving eureka endpoints via configuration
24-12-2020 08:22:36.475 INFO  [AsyncResolver-bootstrap-executor-0] c.n.d.s.r.aws.ConfigClusterResolver - Resolving eureka endpoints via configuration
24-12-2020 08:25:25.092 INFO  [AsyncResolver-bootstrap-executor-0] c.n.d.s.r.aws.ConfigClusterResolver - Resolving eureka endpoints via configuration
24-12-2020 08:27:36.476 INFO  [AsyncResolver-bootstrap-executor-0] c.n.d.s.r.aws.ConfigClusterResolver - Resolving eureka endpoints via configuration
24-12-2020 08:30:25.093 INFO  [AsyncResolver-bootstrap-executor-0] c.n.d.s.r.aws.ConfigClusterResolver - Resolving eureka endpoints via configuration
24-12-2020 08:32:36.478 INFO  [AsyncResolver-bootstrap-executor-0] c.n.d.s.r.aws.ConfigClusterResolver - Resolving eureka endpoints via configuration
24-12-2020 08:35:25.095 INFO  [AsyncResolver-bootstrap-executor-0] c.n.d.s.r.aws.ConfigClusterResolver - Resolving eureka endpoints via configuration
24-12-2020 08:37:36.479 INFO  [AsyncResolver-bootstrap-executor-0] c.n.d.s.r.aws.ConfigClusterResolver - Resolving eureka endpoints via configuration
24-12-2020 08:40:25.097 INFO  [AsyncResolver-bootstrap-executor-0] c.n.d.s.r.aws.ConfigClusterResolver - Resolving eureka endpoints via configuration
24-12-2020 08:42:36.481 INFO  [AsyncResolver-bootstrap-executor-0] c.n.d.s.r.aws.ConfigClusterResolver - Resolving eureka endpoints via configuration
10-01-2021 11:09:28.865 INFO  [main] com.la.LiteraryAssociationApp - Starting LiteraryAssociationApp on DESKTOP-FMPOMGS with PID 19524 (D:\Master_Projekat_SEP_UPP_UDD\literary-association\literary-association\literary-association-backend\target\classes started by HP in D:\Master_Projekat_SEP_UPP_UDD\literary-association\payment-concentrator\payment-concentrator-backend)
10-01-2021 11:09:28.873 INFO  [main] com.la.LiteraryAssociationApp - No active profile set, falling back to default profiles: default
10-01-2021 11:09:30.889 INFO  [main] o.s.d.r.c.RepositoryConfigurationDelegate - Bootstrapping Spring Data JPA repositories in DEFAULT mode.
10-01-2021 11:09:31.130 INFO  [main] o.s.d.r.c.RepositoryConfigurationDelegate - Finished Spring Data repository scanning in 223ms. Found 13 JPA repository interfaces.
10-01-2021 11:09:31.719 INFO  [main] o.s.c.s.PostProcessorRegistrationDelegate$BeanPostProcessorChecker - Bean 'org.springframework.security.config.annotation.configuration.ObjectPostProcessorConfiguration' of type [org.springframework.security.config.annotation.configuration.ObjectPostProcessorConfiguration] is not eligible for getting processed by all BeanPostProcessors (for example: not eligible for auto-proxying)
10-01-2021 11:09:31.725 INFO  [main] o.s.c.s.PostProcessorRegistrationDelegate$BeanPostProcessorChecker - Bean 'objectPostProcessor' of type [org.springframework.security.config.annotation.configuration.AutowireBeanFactoryObjectPostProcessor] is not eligible for getting processed by all BeanPostProcessors (for example: not eligible for auto-proxying)
10-01-2021 11:09:31.729 INFO  [main] o.s.c.s.PostProcessorRegistrationDelegate$BeanPostProcessorChecker - Bean 'org.springframework.security.access.expression.method.DefaultMethodSecurityExpressionHandler@6079cf5' of type [org.springframework.security.access.expression.method.DefaultMethodSecurityExpressionHandler] is not eligible for getting processed by all BeanPostProcessors (for example: not eligible for auto-proxying)
10-01-2021 11:09:31.732 INFO  [main] o.s.c.s.PostProcessorRegistrationDelegate$BeanPostProcessorChecker - Bean 'org.springframework.security.config.annotation.method.configuration.GlobalMethodSecurityConfiguration' of type [org.springframework.security.config.annotation.method.configuration.GlobalMethodSecurityConfiguration] is not eligible for getting processed by all BeanPostProcessors (for example: not eligible for auto-proxying)
10-01-2021 11:09:31.737 INFO  [main] o.s.c.s.PostProcessorRegistrationDelegate$BeanPostProcessorChecker - Bean 'methodSecurityMetadataSource' of type [org.springframework.security.access.method.DelegatingMethodSecurityMetadataSource] is not eligible for getting processed by all BeanPostProcessors (for example: not eligible for auto-proxying)
10-01-2021 11:09:32.181 INFO  [main] o.s.b.w.e.tomcat.TomcatWebServer - Tomcat initialized with port(s): 8080 (http)
10-01-2021 11:09:32.197 INFO  [main] o.a.coyote.http11.Http11NioProtocol - Initializing ProtocolHandler ["http-nio-8080"]
10-01-2021 11:09:32.199 INFO  [main] o.a.catalina.core.StandardService - Starting service [Tomcat]
10-01-2021 11:09:32.200 INFO  [main] o.a.catalina.core.StandardEngine - Starting Servlet engine: [Apache Tomcat/9.0.33]
10-01-2021 11:09:32.489 INFO  [main] o.a.c.c.C.[Tomcat].[localhost].[/] - Initializing Spring embedded WebApplicationContext
10-01-2021 11:09:32.490 INFO  [main] o.s.web.context.ContextLoader - Root WebApplicationContext: initialization completed in 3476 ms
10-01-2021 11:09:33.076 INFO  [main] o.h.jpa.internal.util.LogHelper - HHH000204: Processing PersistenceUnitInfo [name: default]
10-01-2021 11:09:33.211 INFO  [main] org.hibernate.Version - HHH000412: Hibernate ORM core version 5.4.12.Final
10-01-2021 11:09:33.467 INFO  [main] o.h.annotations.common.Version - HCANN000001: Hibernate Commons Annotations {5.1.0.Final}
10-01-2021 11:09:33.811 INFO  [main] com.zaxxer.hikari.HikariDataSource - HikariPool-1 - Starting...
10-01-2021 11:09:34.260 INFO  [main] com.zaxxer.hikari.HikariDataSource - HikariPool-1 - Start completed.
10-01-2021 11:09:34.310 INFO  [main] org.hibernate.dialect.Dialect - HHH000400: Using dialect: org.hibernate.dialect.MySQL8Dialect
10-01-2021 11:09:34.917 INFO  [main] com.zaxxer.hikari.HikariDataSource - HikariPool-1 - Shutdown initiated...
10-01-2021 11:09:34.936 INFO  [main] com.zaxxer.hikari.HikariDataSource - HikariPool-1 - Shutdown completed.
10-01-2021 11:09:34.940 INFO  [main] o.a.catalina.core.StandardService - Stopping service [Tomcat]
10-01-2021 11:09:34.970 INFO  [main] o.s.b.a.l.ConditionEvaluationReportLoggingListener - 

Error starting ApplicationContext. To display the conditions report re-run your application with 'debug' enabled.
10-01-2021 11:14:33.064 INFO  [main] com.la.LiteraryAssociationApp - Starting LiteraryAssociationApp on DESKTOP-FMPOMGS with PID 8456 (D:\Master_Projekat_SEP_UPP_UDD\literary-association\literary-association\literary-association-backend\target\classes started by HP in D:\Master_Projekat_SEP_UPP_UDD\literary-association\payment-concentrator\payment-concentrator-backend)
10-01-2021 11:14:33.080 INFO  [main] com.la.LiteraryAssociationApp - No active profile set, falling back to default profiles: default
10-01-2021 11:14:35.704 INFO  [main] o.s.d.r.c.RepositoryConfigurationDelegate - Bootstrapping Spring Data JPA repositories in DEFAULT mode.
10-01-2021 11:14:36.108 INFO  [main] o.s.d.r.c.RepositoryConfigurationDelegate - Finished Spring Data repository scanning in 363ms. Found 13 JPA repository interfaces.
10-01-2021 11:14:36.814 INFO  [main] o.s.c.s.PostProcessorRegistrationDelegate$BeanPostProcessorChecker - Bean 'org.springframework.security.config.annotation.configuration.ObjectPostProcessorConfiguration' of type [org.springframework.security.config.annotation.configuration.ObjectPostProcessorConfiguration] is not eligible for getting processed by all BeanPostProcessors (for example: not eligible for auto-proxying)
10-01-2021 11:14:36.818 INFO  [main] o.s.c.s.PostProcessorRegistrationDelegate$BeanPostProcessorChecker - Bean 'objectPostProcessor' of type [org.springframework.security.config.annotation.configuration.AutowireBeanFactoryObjectPostProcessor] is not eligible for getting processed by all BeanPostProcessors (for example: not eligible for auto-proxying)
10-01-2021 11:14:36.823 INFO  [main] o.s.c.s.PostProcessorRegistrationDelegate$BeanPostProcessorChecker - Bean 'org.springframework.security.access.expression.method.DefaultMethodSecurityExpressionHandler@7808fb9' of type [org.springframework.security.access.expression.method.DefaultMethodSecurityExpressionHandler] is not eligible for getting processed by all BeanPostProcessors (for example: not eligible for auto-proxying)
10-01-2021 11:14:36.824 INFO  [main] o.s.c.s.PostProcessorRegistrationDelegate$BeanPostProcessorChecker - Bean 'org.springframework.security.config.annotation.method.configuration.GlobalMethodSecurityConfiguration' of type [org.springframework.security.config.annotation.method.configuration.GlobalMethodSecurityConfiguration] is not eligible for getting processed by all BeanPostProcessors (for example: not eligible for auto-proxying)
10-01-2021 11:14:36.831 INFO  [main] o.s.c.s.PostProcessorRegistrationDelegate$BeanPostProcessorChecker - Bean 'methodSecurityMetadataSource' of type [org.springframework.security.access.method.DelegatingMethodSecurityMetadataSource] is not eligible for getting processed by all BeanPostProcessors (for example: not eligible for auto-proxying)
10-01-2021 11:14:37.288 INFO  [main] o.s.b.w.e.tomcat.TomcatWebServer - Tomcat initialized with port(s): 8080 (http)
10-01-2021 11:14:37.300 INFO  [main] o.a.coyote.http11.Http11NioProtocol - Initializing ProtocolHandler ["http-nio-8080"]
10-01-2021 11:14:37.301 INFO  [main] o.a.catalina.core.StandardService - Starting service [Tomcat]
10-01-2021 11:14:37.302 INFO  [main] o.a.catalina.core.StandardEngine - Starting Servlet engine: [Apache Tomcat/9.0.33]
10-01-2021 11:14:37.578 INFO  [main] o.a.c.c.C.[Tomcat].[localhost].[/] - Initializing Spring embedded WebApplicationContext
10-01-2021 11:14:37.578 INFO  [main] o.s.web.context.ContextLoader - Root WebApplicationContext: initialization completed in 4359 ms
10-01-2021 11:14:38.141 INFO  [main] o.h.jpa.internal.util.LogHelper - HHH000204: Processing PersistenceUnitInfo [name: default]
10-01-2021 11:14:38.256 INFO  [main] org.hibernate.Version - HHH000412: Hibernate ORM core version 5.4.12.Final
10-01-2021 11:14:38.503 INFO  [main] o.h.annotations.common.Version - HCANN000001: Hibernate Commons Annotations {5.1.0.Final}
10-01-2021 11:14:38.714 INFO  [main] com.zaxxer.hikari.HikariDataSource - HikariPool-1 - Starting...
10-01-2021 11:14:38.916 INFO  [main] com.zaxxer.hikari.HikariDataSource - HikariPool-1 - Start completed.
10-01-2021 11:14:38.939 INFO  [main] org.hibernate.dialect.Dialect - HHH000400: Using dialect: org.hibernate.dialect.MySQL8Dialect
10-01-2021 11:14:49.307 INFO  [main] o.h.e.t.j.p.i.JtaPlatformInitiator - HHH000490: Using JtaPlatform implementation: [org.hibernate.engine.transaction.jta.platform.internal.NoJtaPlatform]
10-01-2021 11:14:49.324 INFO  [main] o.s.o.j.LocalContainerEntityManagerFactoryBean - Initialized JPA EntityManagerFactory for persistence unit 'default'
10-01-2021 11:14:52.162 INFO  [main] org.camunda.bpm.spring.boot - STARTER-SB040 Setting up jobExecutor with corePoolSize=3, maxPoolSize:10
10-01-2021 11:14:52.164 INFO  [main] o.s.s.c.ThreadPoolTaskExecutor - Initializing ExecutorService 'camundaTaskExecutor'
10-01-2021 11:14:52.343 INFO  [main] org.camunda.bpm.engine.cfg - ENGINE-12003 Plugin 'CompositeProcessEnginePlugin[genericPropertiesConfiguration, camundaProcessEngineConfiguration, camundaDatasourceConfiguration, camundaJpaConfiguration, camundaJobConfiguration, camundaHistoryConfiguration, camundaMetricsConfiguration, camundaAuthorizationConfiguration, camundaDeploymentConfiguration, failedJobConfiguration]' activated on process engine 'default'
10-01-2021 11:14:58.225 INFO  [main] org.camunda.bpm.spring.boot - STARTER-SB021 Auto-Deploying resources: []
10-01-2021 11:15:05.212 INFO  [main] org.camunda.bpm.engine - ENGINE-00001 Process Engine default created.
10-01-2021 11:15:05.313 INFO  [main] o.c.b.s.b.s.w.f.LazyInitRegistration - lazy initialized org.camunda.bpm.spring.boot.starter.webapp.filter.LazyProcessEnginesFilter@64a9d48c
10-01-2021 11:15:05.507 INFO  [main] o.c.b.s.b.s.w.f.LazyInitRegistration - lazy initialized org.camunda.bpm.spring.boot.starter.webapp.filter.LazySecurityFilter@226eba67
10-01-2021 11:15:05.758 INFO  [main] o.s.s.web.DefaultSecurityFilterChain - Creating filter chain: Ant [pattern='/api/auth/**', POST], []
10-01-2021 11:15:05.759 INFO  [main] o.s.s.web.DefaultSecurityFilterChain - Creating filter chain: Ant [pattern='/api/auth', PUT], []
10-01-2021 11:15:05.759 INFO  [main] o.s.s.web.DefaultSecurityFilterChain - Creating filter chain: Ant [pattern='/', GET], []
10-01-2021 11:15:05.759 INFO  [main] o.s.s.web.DefaultSecurityFilterChain - Creating filter chain: Ant [pattern='/webjars/**', GET], []
10-01-2021 11:15:05.759 INFO  [main] o.s.s.web.DefaultSecurityFilterChain - Creating filter chain: Ant [pattern='/*.html', GET], []
10-01-2021 11:15:05.759 INFO  [main] o.s.s.web.DefaultSecurityFilterChain - Creating filter chain: Ant [pattern='/favicon.ico', GET], []
10-01-2021 11:15:05.759 INFO  [main] o.s.s.web.DefaultSecurityFilterChain - Creating filter chain: Ant [pattern='/**/*.html', GET], []
10-01-2021 11:15:05.759 INFO  [main] o.s.s.web.DefaultSecurityFilterChain - Creating filter chain: Ant [pattern='/**/*.css', GET], []
10-01-2021 11:15:05.759 INFO  [main] o.s.s.web.DefaultSecurityFilterChain - Creating filter chain: Ant [pattern='/**/*.js', GET], []
10-01-2021 11:15:05.759 INFO  [main] o.s.s.web.DefaultSecurityFilterChain - Creating filter chain: Ant [pattern='/assets/**', GET], []
10-01-2021 11:15:05.828 INFO  [main] o.s.s.web.DefaultSecurityFilterChain - Creating filter chain: any request, [org.springframework.security.web.context.request.async.WebAsyncManagerIntegrationFilter@1b30b6f8, org.springframework.security.web.context.SecurityContextPersistenceFilter@6ad0cd43, org.springframework.security.web.header.HeaderWriterFilter@29bf90fc, org.springframework.web.filter.CorsFilter@1e965426, org.springframework.security.web.authentication.logout.LogoutFilter@1c528f2f, com.la.security.auth.TokenAuthenticationFilter@575fe6da, org.springframework.security.web.savedrequest.RequestCacheAwareFilter@7fe0ca60, org.springframework.security.web.servletapi.SecurityContextHolderAwareRequestFilter@19b3d3a4, org.springframework.security.web.authentication.AnonymousAuthenticationFilter@149238fe, org.springframework.security.web.session.SessionManagementFilter@4fe9adfb, org.springframework.security.web.access.ExceptionTranslationFilter@3e1c5e0d, org.springframework.security.web.access.intercept.FilterSecurityInterceptor@3055f310]
10-01-2021 11:15:05.911 INFO  [main] o.a.coyote.http11.Http11NioProtocol - Starting ProtocolHandler ["http-nio-8080"]
10-01-2021 11:15:05.947 INFO  [main] o.s.b.w.e.tomcat.TomcatWebServer - Tomcat started on port(s): 8080 (http) with context path ''
10-01-2021 11:15:05.950 INFO  [main] com.la.LiteraryAssociationApp - Started LiteraryAssociationApp in 34.126 seconds (JVM running for 40.431)
10-01-2021 11:15:05.954 INFO  [main] org.camunda.bpm.engine.jobexecutor - ENGINE-14014 Starting up the JobExecutor[org.camunda.bpm.engine.spring.components.jobexecutor.SpringJobExecutor].
10-01-2021 11:15:05.957 INFO  [JobExecutor[org.camunda.bpm.engine.spring.components.jobexecutor.SpringJobExecutor]] org.camunda.bpm.engine.jobexecutor - ENGINE-14018 JobExecutor[org.camunda.bpm.engine.spring.components.jobexecutor.SpringJobExecutor] starting to acquire jobs
10-01-2021 11:15:40.476 INFO  [http-nio-8080-exec-1] o.a.c.c.C.[Tomcat].[localhost].[/] - Initializing Spring DispatcherServlet 'dispatcherServlet'
10-01-2021 11:15:40.477 INFO  [http-nio-8080-exec-1] o.s.web.servlet.DispatcherServlet - Initializing Servlet 'dispatcherServlet'
10-01-2021 11:15:40.506 INFO  [http-nio-8080-exec-1] o.s.web.servlet.DispatcherServlet - Completed initialization in 28 ms
10-01-2021 11:24:55.232 INFO  [main] com.la.LiteraryAssociationApp - Starting LiteraryAssociationApp on DESKTOP-FMPOMGS with PID 22772 (D:\Master_Projekat_SEP_UPP_UDD\literary-association\literary-association\literary-association-backend\target\classes started by HP in D:\Master_Projekat_SEP_UPP_UDD\literary-association\payment-concentrator\payment-concentrator-backend)
10-01-2021 11:24:55.238 INFO  [main] com.la.LiteraryAssociationApp - No active profile set, falling back to default profiles: default
10-01-2021 11:24:57.978 INFO  [main] o.s.d.r.c.RepositoryConfigurationDelegate - Bootstrapping Spring Data JPA repositories in DEFAULT mode.
10-01-2021 11:24:58.180 INFO  [main] o.s.d.r.c.RepositoryConfigurationDelegate - Finished Spring Data repository scanning in 185ms. Found 13 JPA repository interfaces.
10-01-2021 11:24:58.709 INFO  [main] o.s.c.s.PostProcessorRegistrationDelegate$BeanPostProcessorChecker - Bean 'org.springframework.security.config.annotation.configuration.ObjectPostProcessorConfiguration' of type [org.springframework.security.config.annotation.configuration.ObjectPostProcessorConfiguration] is not eligible for getting processed by all BeanPostProcessors (for example: not eligible for auto-proxying)
10-01-2021 11:24:58.715 INFO  [main] o.s.c.s.PostProcessorRegistrationDelegate$BeanPostProcessorChecker - Bean 'objectPostProcessor' of type [org.springframework.security.config.annotation.configuration.AutowireBeanFactoryObjectPostProcessor] is not eligible for getting processed by all BeanPostProcessors (for example: not eligible for auto-proxying)
10-01-2021 11:24:58.719 INFO  [main] o.s.c.s.PostProcessorRegistrationDelegate$BeanPostProcessorChecker - Bean 'org.springframework.security.access.expression.method.DefaultMethodSecurityExpressionHandler@301d8120' of type [org.springframework.security.access.expression.method.DefaultMethodSecurityExpressionHandler] is not eligible for getting processed by all BeanPostProcessors (for example: not eligible for auto-proxying)
10-01-2021 11:24:58.722 INFO  [main] o.s.c.s.PostProcessorRegistrationDelegate$BeanPostProcessorChecker - Bean 'org.springframework.security.config.annotation.method.configuration.GlobalMethodSecurityConfiguration' of type [org.springframework.security.config.annotation.method.configuration.GlobalMethodSecurityConfiguration] is not eligible for getting processed by all BeanPostProcessors (for example: not eligible for auto-proxying)
10-01-2021 11:24:58.729 INFO  [main] o.s.c.s.PostProcessorRegistrationDelegate$BeanPostProcessorChecker - Bean 'methodSecurityMetadataSource' of type [org.springframework.security.access.method.DelegatingMethodSecurityMetadataSource] is not eligible for getting processed by all BeanPostProcessors (for example: not eligible for auto-proxying)
10-01-2021 11:24:59.150 INFO  [main] o.s.b.w.e.tomcat.TomcatWebServer - Tomcat initialized with port(s): 8080 (http)
10-01-2021 11:24:59.163 INFO  [main] o.a.coyote.http11.Http11NioProtocol - Initializing ProtocolHandler ["http-nio-8080"]
10-01-2021 11:24:59.164 INFO  [main] o.a.catalina.core.StandardService - Starting service [Tomcat]
10-01-2021 11:24:59.165 INFO  [main] o.a.catalina.core.StandardEngine - Starting Servlet engine: [Apache Tomcat/9.0.33]
10-01-2021 11:24:59.448 INFO  [main] o.a.c.c.C.[Tomcat].[localhost].[/] - Initializing Spring embedded WebApplicationContext
10-01-2021 11:24:59.449 INFO  [main] o.s.web.context.ContextLoader - Root WebApplicationContext: initialization completed in 4102 ms
10-01-2021 11:24:59.881 INFO  [main] o.h.jpa.internal.util.LogHelper - HHH000204: Processing PersistenceUnitInfo [name: default]
10-01-2021 11:25:00.153 INFO  [main] org.hibernate.Version - HHH000412: Hibernate ORM core version 5.4.12.Final
10-01-2021 11:25:00.393 INFO  [main] o.h.annotations.common.Version - HCANN000001: Hibernate Commons Annotations {5.1.0.Final}
10-01-2021 11:25:00.587 INFO  [main] com.zaxxer.hikari.HikariDataSource - HikariPool-1 - Starting...
10-01-2021 11:25:00.806 INFO  [main] com.zaxxer.hikari.HikariDataSource - HikariPool-1 - Start completed.
10-01-2021 11:25:00.831 INFO  [main] org.hibernate.dialect.Dialect - HHH000400: Using dialect: org.hibernate.dialect.MySQL8Dialect
10-01-2021 11:25:08.782 INFO  [main] o.h.e.t.j.p.i.JtaPlatformInitiator - HHH000490: Using JtaPlatform implementation: [org.hibernate.engine.transaction.jta.platform.internal.NoJtaPlatform]
10-01-2021 11:25:08.796 INFO  [main] o.s.o.j.LocalContainerEntityManagerFactoryBean - Initialized JPA EntityManagerFactory for persistence unit 'default'
10-01-2021 11:25:12.052 INFO  [main] org.camunda.bpm.spring.boot - STARTER-SB040 Setting up jobExecutor with corePoolSize=3, maxPoolSize:10
10-01-2021 11:25:12.053 INFO  [main] o.s.s.c.ThreadPoolTaskExecutor - Initializing ExecutorService 'camundaTaskExecutor'
10-01-2021 11:25:12.306 INFO  [main] org.camunda.bpm.engine.cfg - ENGINE-12003 Plugin 'CompositeProcessEnginePlugin[genericPropertiesConfiguration, camundaProcessEngineConfiguration, camundaDatasourceConfiguration, camundaJpaConfiguration, camundaJobConfiguration, camundaHistoryConfiguration, camundaMetricsConfiguration, camundaAuthorizationConfiguration, camundaDeploymentConfiguration, failedJobConfiguration]' activated on process engine 'default'
10-01-2021 11:25:17.764 INFO  [main] org.camunda.bpm.spring.boot - STARTER-SB021 Auto-Deploying resources: []
10-01-2021 11:25:24.149 INFO  [main] org.camunda.bpm.engine - ENGINE-00001 Process Engine default created.
10-01-2021 11:25:24.242 INFO  [main] o.c.b.s.b.s.w.f.LazyInitRegistration - lazy initialized org.camunda.bpm.spring.boot.starter.webapp.filter.LazyProcessEnginesFilter@2875b016
10-01-2021 11:25:24.348 INFO  [main] o.c.b.s.b.s.w.f.LazyInitRegistration - lazy initialized org.camunda.bpm.spring.boot.starter.webapp.filter.LazySecurityFilter@33db72bd
10-01-2021 11:25:24.544 INFO  [main] o.s.s.web.DefaultSecurityFilterChain - Creating filter chain: Ant [pattern='/api/auth/**', POST], []
10-01-2021 11:25:24.544 INFO  [main] o.s.s.web.DefaultSecurityFilterChain - Creating filter chain: Ant [pattern='/api/auth', PUT], []
10-01-2021 11:25:24.544 INFO  [main] o.s.s.web.DefaultSecurityFilterChain - Creating filter chain: Ant [pattern='/', GET], []
10-01-2021 11:25:24.544 INFO  [main] o.s.s.web.DefaultSecurityFilterChain - Creating filter chain: Ant [pattern='/webjars/**', GET], []
10-01-2021 11:25:24.544 INFO  [main] o.s.s.web.DefaultSecurityFilterChain - Creating filter chain: Ant [pattern='/*.html', GET], []
10-01-2021 11:25:24.544 INFO  [main] o.s.s.web.DefaultSecurityFilterChain - Creating filter chain: Ant [pattern='/favicon.ico', GET], []
10-01-2021 11:25:24.544 INFO  [main] o.s.s.web.DefaultSecurityFilterChain - Creating filter chain: Ant [pattern='/**/*.html', GET], []
10-01-2021 11:25:24.544 INFO  [main] o.s.s.web.DefaultSecurityFilterChain - Creating filter chain: Ant [pattern='/**/*.css', GET], []
10-01-2021 11:25:24.545 INFO  [main] o.s.s.web.DefaultSecurityFilterChain - Creating filter chain: Ant [pattern='/**/*.js', GET], []
10-01-2021 11:25:24.545 INFO  [main] o.s.s.web.DefaultSecurityFilterChain - Creating filter chain: Ant [pattern='/assets/**', GET], []
10-01-2021 11:25:24.632 INFO  [main] o.s.s.web.DefaultSecurityFilterChain - Creating filter chain: any request, [org.springframework.security.web.context.request.async.WebAsyncManagerIntegrationFilter@394b9e22, org.springframework.security.web.context.SecurityContextPersistenceFilter@2184962c, org.springframework.security.web.header.HeaderWriterFilter@4b74a67a, org.springframework.web.filter.CorsFilter@6e0f259e, org.springframework.security.web.authentication.logout.LogoutFilter@a20898c, com.la.security.auth.TokenAuthenticationFilter@4fe9adfb, org.springframework.security.web.savedrequest.RequestCacheAwareFilter@412440c1, org.springframework.security.web.servletapi.SecurityContextHolderAwareRequestFilter@40416321, org.springframework.security.web.authentication.AnonymousAuthenticationFilter@f8fe81e, org.springframework.security.web.session.SessionManagementFilter@1b82f62a, org.springframework.security.web.access.ExceptionTranslationFilter@7aa1fb0e, org.springframework.security.web.access.intercept.FilterSecurityInterceptor@96c840a]
10-01-2021 11:25:24.756 INFO  [main] o.a.coyote.http11.Http11NioProtocol - Starting ProtocolHandler ["http-nio-8080"]
10-01-2021 11:25:24.808 INFO  [main] o.s.b.w.e.tomcat.TomcatWebServer - Tomcat started on port(s): 8080 (http) with context path ''
10-01-2021 11:25:24.812 INFO  [main] com.la.LiteraryAssociationApp - Started LiteraryAssociationApp in 30.898 seconds (JVM running for 33.906)
10-01-2021 11:25:24.816 INFO  [main] org.camunda.bpm.engine.jobexecutor - ENGINE-14014 Starting up the JobExecutor[org.camunda.bpm.engine.spring.components.jobexecutor.SpringJobExecutor].
10-01-2021 11:25:24.820 INFO  [JobExecutor[org.camunda.bpm.engine.spring.components.jobexecutor.SpringJobExecutor]] org.camunda.bpm.engine.jobexecutor - ENGINE-14018 JobExecutor[org.camunda.bpm.engine.spring.components.jobexecutor.SpringJobExecutor] starting to acquire jobs
10-01-2021 11:26:27.384 INFO  [http-nio-8080-exec-1] o.a.c.c.C.[Tomcat].[localhost].[/] - Initializing Spring DispatcherServlet 'dispatcherServlet'
10-01-2021 11:26:27.385 INFO  [http-nio-8080-exec-1] o.s.web.servlet.DispatcherServlet - Initializing Servlet 'dispatcherServlet'
10-01-2021 11:26:27.413 INFO  [http-nio-8080-exec-1] o.s.web.servlet.DispatcherServlet - Completed initialization in 28 ms
10-01-2021 13:36:21.625 INFO  [main] com.la.LiteraryAssociationApp - Starting LiteraryAssociationApp on DESKTOP-FMPOMGS with PID 11012 (D:\Master_Projekat_SEP_UPP_UDD\literary-association\literary-association\literary-association-backend\target\classes started by HP in D:\Master_Projekat_SEP_UPP_UDD\literary-association\payment-concentrator\payment-concentrator-backend)
10-01-2021 13:36:21.635 INFO  [main] com.la.LiteraryAssociationApp - No active profile set, falling back to default profiles: default
10-01-2021 13:36:24.497 INFO  [main] o.s.d.r.c.RepositoryConfigurationDelegate - Bootstrapping Spring Data JPA repositories in DEFAULT mode.
10-01-2021 13:36:24.764 INFO  [main] o.s.d.r.c.RepositoryConfigurationDelegate - Finished Spring Data repository scanning in 252ms. Found 14 JPA repository interfaces.
10-01-2021 13:36:25.412 INFO  [main] o.s.c.s.PostProcessorRegistrationDelegate$BeanPostProcessorChecker - Bean 'org.springframework.security.config.annotation.configuration.ObjectPostProcessorConfiguration' of type [org.springframework.security.config.annotation.configuration.ObjectPostProcessorConfiguration] is not eligible for getting processed by all BeanPostProcessors (for example: not eligible for auto-proxying)
10-01-2021 13:36:25.418 INFO  [main] o.s.c.s.PostProcessorRegistrationDelegate$BeanPostProcessorChecker - Bean 'objectPostProcessor' of type [org.springframework.security.config.annotation.configuration.AutowireBeanFactoryObjectPostProcessor] is not eligible for getting processed by all BeanPostProcessors (for example: not eligible for auto-proxying)
10-01-2021 13:36:25.425 INFO  [main] o.s.c.s.PostProcessorRegistrationDelegate$BeanPostProcessorChecker - Bean 'org.springframework.security.access.expression.method.DefaultMethodSecurityExpressionHandler@4b1c0397' of type [org.springframework.security.access.expression.method.DefaultMethodSecurityExpressionHandler] is not eligible for getting processed by all BeanPostProcessors (for example: not eligible for auto-proxying)
10-01-2021 13:36:25.430 INFO  [main] o.s.c.s.PostProcessorRegistrationDelegate$BeanPostProcessorChecker - Bean 'org.springframework.security.config.annotation.method.configuration.GlobalMethodSecurityConfiguration' of type [org.springframework.security.config.annotation.method.configuration.GlobalMethodSecurityConfiguration] is not eligible for getting processed by all BeanPostProcessors (for example: not eligible for auto-proxying)
10-01-2021 13:36:25.439 INFO  [main] o.s.c.s.PostProcessorRegistrationDelegate$BeanPostProcessorChecker - Bean 'methodSecurityMetadataSource' of type [org.springframework.security.access.method.DelegatingMethodSecurityMetadataSource] is not eligible for getting processed by all BeanPostProcessors (for example: not eligible for auto-proxying)
10-01-2021 13:36:25.963 INFO  [main] o.s.b.w.e.tomcat.TomcatWebServer - Tomcat initialized with port(s): 8080 (http)
10-01-2021 13:36:25.982 INFO  [main] o.a.coyote.http11.Http11NioProtocol - Initializing ProtocolHandler ["http-nio-8080"]
10-01-2021 13:36:25.983 INFO  [main] o.a.catalina.core.StandardService - Starting service [Tomcat]
10-01-2021 13:36:25.983 INFO  [main] o.a.catalina.core.StandardEngine - Starting Servlet engine: [Apache Tomcat/9.0.33]
10-01-2021 13:36:26.321 INFO  [main] o.a.c.c.C.[Tomcat].[localhost].[/] - Initializing Spring embedded WebApplicationContext
10-01-2021 13:36:26.321 INFO  [main] o.s.web.context.ContextLoader - Root WebApplicationContext: initialization completed in 4415 ms
10-01-2021 13:36:26.986 INFO  [main] o.h.jpa.internal.util.LogHelper - HHH000204: Processing PersistenceUnitInfo [name: default]
10-01-2021 13:36:27.123 INFO  [main] org.hibernate.Version - HHH000412: Hibernate ORM core version 5.4.12.Final
10-01-2021 13:36:27.385 INFO  [main] o.h.annotations.common.Version - HCANN000001: Hibernate Commons Annotations {5.1.0.Final}
10-01-2021 13:36:27.601 INFO  [main] com.zaxxer.hikari.HikariDataSource - HikariPool-1 - Starting...
10-01-2021 13:36:27.848 INFO  [main] com.zaxxer.hikari.HikariDataSource - HikariPool-1 - Start completed.
10-01-2021 13:36:27.872 INFO  [main] org.hibernate.dialect.Dialect - HHH000400: Using dialect: org.hibernate.dialect.MySQL8Dialect
10-01-2021 13:36:36.982 INFO  [main] o.h.e.t.j.p.i.JtaPlatformInitiator - HHH000490: Using JtaPlatform implementation: [org.hibernate.engine.transaction.jta.platform.internal.NoJtaPlatform]
10-01-2021 13:36:37.001 INFO  [main] o.s.o.j.LocalContainerEntityManagerFactoryBean - Initialized JPA EntityManagerFactory for persistence unit 'default'
10-01-2021 13:36:40.103 INFO  [main] org.camunda.bpm.spring.boot - STARTER-SB040 Setting up jobExecutor with corePoolSize=3, maxPoolSize:10
10-01-2021 13:36:40.105 INFO  [main] o.s.s.c.ThreadPoolTaskExecutor - Initializing ExecutorService 'camundaTaskExecutor'
10-01-2021 13:36:41.576 INFO  [main] org.camunda.bpm.engine.cfg - ENGINE-12003 Plugin 'CompositeProcessEnginePlugin[genericPropertiesConfiguration, camundaProcessEngineConfiguration, camundaDatasourceConfiguration, camundaJpaConfiguration, camundaJobConfiguration, camundaHistoryConfiguration, camundaMetricsConfiguration, camundaAuthorizationConfiguration, camundaDeploymentConfiguration, failedJobConfiguration]' activated on process engine 'default'
10-01-2021 13:36:47.704 INFO  [main] org.camunda.bpm.spring.boot - STARTER-SB021 Auto-Deploying resources: []
10-01-2021 13:36:54.502 INFO  [main] org.camunda.bpm.engine - ENGINE-00001 Process Engine default created.
10-01-2021 13:36:54.610 INFO  [main] o.c.b.s.b.s.w.f.LazyInitRegistration - lazy initialized org.camunda.bpm.spring.boot.starter.webapp.filter.LazyProcessEnginesFilter@65eabaab
10-01-2021 13:36:54.720 INFO  [main] o.c.b.s.b.s.w.f.LazyInitRegistration - lazy initialized org.camunda.bpm.spring.boot.starter.webapp.filter.LazySecurityFilter@5e5073ab
10-01-2021 13:36:55.076 INFO  [main] o.s.s.web.DefaultSecurityFilterChain - Creating filter chain: Ant [pattern='/api/auth/**', POST], []
10-01-2021 13:36:55.076 INFO  [main] o.s.s.web.DefaultSecurityFilterChain - Creating filter chain: Ant [pattern='/api/auth', PUT], []
10-01-2021 13:36:55.077 INFO  [main] o.s.s.web.DefaultSecurityFilterChain - Creating filter chain: Ant [pattern='/', GET], []
10-01-2021 13:36:55.077 INFO  [main] o.s.s.web.DefaultSecurityFilterChain - Creating filter chain: Ant [pattern='/webjars/**', GET], []
10-01-2021 13:36:55.078 INFO  [main] o.s.s.web.DefaultSecurityFilterChain - Creating filter chain: Ant [pattern='/*.html', GET], []
10-01-2021 13:36:55.078 INFO  [main] o.s.s.web.DefaultSecurityFilterChain - Creating filter chain: Ant [pattern='/favicon.ico', GET], []
10-01-2021 13:36:55.079 INFO  [main] o.s.s.web.DefaultSecurityFilterChain - Creating filter chain: Ant [pattern='/**/*.html', GET], []
10-01-2021 13:36:55.079 INFO  [main] o.s.s.web.DefaultSecurityFilterChain - Creating filter chain: Ant [pattern='/**/*.css', GET], []
10-01-2021 13:36:55.079 INFO  [main] o.s.s.web.DefaultSecurityFilterChain - Creating filter chain: Ant [pattern='/**/*.js', GET], []
10-01-2021 13:36:55.079 INFO  [main] o.s.s.web.DefaultSecurityFilterChain - Creating filter chain: Ant [pattern='/assets/**', GET], []
10-01-2021 13:36:55.207 INFO  [main] o.s.s.web.DefaultSecurityFilterChain - Creating filter chain: any request, [org.springframework.security.web.context.request.async.WebAsyncManagerIntegrationFilter@347f8029, org.springframework.security.web.context.SecurityContextPersistenceFilter@5a9ef32e, org.springframework.security.web.header.HeaderWriterFilter@1a6a4595, org.springframework.web.filter.CorsFilter@3f78a5ed, org.springframework.security.web.authentication.logout.LogoutFilter@79ae3fb1, com.la.security.auth.TokenAuthenticationFilter@630e5010, org.springframework.security.web.savedrequest.RequestCacheAwareFilter@61f08aa9, org.springframework.security.web.servletapi.SecurityContextHolderAwareRequestFilter@52d434c1, org.springframework.security.web.authentication.AnonymousAuthenticationFilter@10b5ff4d, org.springframework.security.web.session.SessionManagementFilter@1abea1ed, org.springframework.security.web.access.ExceptionTranslationFilter@7c6fc278, org.springframework.security.web.access.intercept.FilterSecurityInterceptor@267b678f]
10-01-2021 13:36:55.444 INFO  [main] o.a.coyote.http11.Http11NioProtocol - Starting ProtocolHandler ["http-nio-8080"]
10-01-2021 13:36:55.501 INFO  [main] o.s.b.w.e.tomcat.TomcatWebServer - Tomcat started on port(s): 8080 (http) with context path ''
10-01-2021 13:36:55.506 INFO  [main] com.la.LiteraryAssociationApp - Started LiteraryAssociationApp in 35.581 seconds (JVM running for 38.905)
10-01-2021 13:36:55.511 INFO  [main] org.camunda.bpm.engine.jobexecutor - ENGINE-14014 Starting up the JobExecutor[org.camunda.bpm.engine.spring.components.jobexecutor.SpringJobExecutor].
10-01-2021 13:36:55.516 INFO  [JobExecutor[org.camunda.bpm.engine.spring.components.jobexecutor.SpringJobExecutor]] org.camunda.bpm.engine.jobexecutor - ENGINE-14018 JobExecutor[org.camunda.bpm.engine.spring.components.jobexecutor.SpringJobExecutor] starting to acquire jobs
10-01-2021 13:38:35.758 INFO  [http-nio-8080-exec-1] o.a.c.c.C.[Tomcat].[localhost].[/] - Initializing Spring DispatcherServlet 'dispatcherServlet'
10-01-2021 13:38:35.759 INFO  [http-nio-8080-exec-1] o.s.web.servlet.DispatcherServlet - Initializing Servlet 'dispatcherServlet'
10-01-2021 13:38:35.780 INFO  [http-nio-8080-exec-1] o.s.web.servlet.DispatcherServlet - Completed initialization in 21 ms
10-01-2021 13:46:26.858 INFO  [main] com.la.LiteraryAssociationApp - Starting LiteraryAssociationApp on DESKTOP-FMPOMGS with PID 15592 (D:\Master_Projekat_SEP_UPP_UDD\literary-association\literary-association\literary-association-backend\target\classes started by HP in D:\Master_Projekat_SEP_UPP_UDD\literary-association\payment-concentrator\payment-concentrator-backend)
10-01-2021 13:46:26.864 INFO  [main] com.la.LiteraryAssociationApp - No active profile set, falling back to default profiles: default
10-01-2021 13:46:28.684 INFO  [main] o.s.d.r.c.RepositoryConfigurationDelegate - Bootstrapping Spring Data JPA repositories in DEFAULT mode.
10-01-2021 13:46:28.986 INFO  [main] o.s.d.r.c.RepositoryConfigurationDelegate - Finished Spring Data repository scanning in 282ms. Found 14 JPA repository interfaces.
10-01-2021 13:46:29.711 INFO  [main] o.s.c.s.PostProcessorRegistrationDelegate$BeanPostProcessorChecker - Bean 'org.springframework.security.config.annotation.configuration.ObjectPostProcessorConfiguration' of type [org.springframework.security.config.annotation.configuration.ObjectPostProcessorConfiguration] is not eligible for getting processed by all BeanPostProcessors (for example: not eligible for auto-proxying)
10-01-2021 13:46:29.719 INFO  [main] o.s.c.s.PostProcessorRegistrationDelegate$BeanPostProcessorChecker - Bean 'objectPostProcessor' of type [org.springframework.security.config.annotation.configuration.AutowireBeanFactoryObjectPostProcessor] is not eligible for getting processed by all BeanPostProcessors (for example: not eligible for auto-proxying)
10-01-2021 13:46:29.724 INFO  [main] o.s.c.s.PostProcessorRegistrationDelegate$BeanPostProcessorChecker - Bean 'org.springframework.security.access.expression.method.DefaultMethodSecurityExpressionHandler@6bcbf05b' of type [org.springframework.security.access.expression.method.DefaultMethodSecurityExpressionHandler] is not eligible for getting processed by all BeanPostProcessors (for example: not eligible for auto-proxying)
10-01-2021 13:46:29.730 INFO  [main] o.s.c.s.PostProcessorRegistrationDelegate$BeanPostProcessorChecker - Bean 'org.springframework.security.config.annotation.method.configuration.GlobalMethodSecurityConfiguration' of type [org.springframework.security.config.annotation.method.configuration.GlobalMethodSecurityConfiguration] is not eligible for getting processed by all BeanPostProcessors (for example: not eligible for auto-proxying)
10-01-2021 13:46:29.738 INFO  [main] o.s.c.s.PostProcessorRegistrationDelegate$BeanPostProcessorChecker - Bean 'methodSecurityMetadataSource' of type [org.springframework.security.access.method.DelegatingMethodSecurityMetadataSource] is not eligible for getting processed by all BeanPostProcessors (for example: not eligible for auto-proxying)
10-01-2021 13:46:30.350 INFO  [main] o.s.b.w.e.tomcat.TomcatWebServer - Tomcat initialized with port(s): 8080 (http)
10-01-2021 13:46:30.363 INFO  [main] o.a.coyote.http11.Http11NioProtocol - Initializing ProtocolHandler ["http-nio-8080"]
10-01-2021 13:46:30.364 INFO  [main] o.a.catalina.core.StandardService - Starting service [Tomcat]
10-01-2021 13:46:30.365 INFO  [main] o.a.catalina.core.StandardEngine - Starting Servlet engine: [Apache Tomcat/9.0.33]
10-01-2021 13:46:30.662 INFO  [main] o.a.c.c.C.[Tomcat].[localhost].[/] - Initializing Spring embedded WebApplicationContext
10-01-2021 13:46:30.662 INFO  [main] o.s.web.context.ContextLoader - Root WebApplicationContext: initialization completed in 3629 ms
10-01-2021 13:46:31.224 INFO  [main] o.h.jpa.internal.util.LogHelper - HHH000204: Processing PersistenceUnitInfo [name: default]
10-01-2021 13:46:31.364 INFO  [main] org.hibernate.Version - HHH000412: Hibernate ORM core version 5.4.12.Final
10-01-2021 13:46:31.626 INFO  [main] o.h.annotations.common.Version - HCANN000001: Hibernate Commons Annotations {5.1.0.Final}
10-01-2021 13:46:31.868 INFO  [main] com.zaxxer.hikari.HikariDataSource - HikariPool-1 - Starting...
10-01-2021 13:46:32.164 INFO  [main] com.zaxxer.hikari.HikariDataSource - HikariPool-1 - Start completed.
10-01-2021 13:46:32.191 INFO  [main] org.hibernate.dialect.Dialect - HHH000400: Using dialect: org.hibernate.dialect.MySQL8Dialect
10-01-2021 13:46:40.220 INFO  [main] o.h.e.t.j.p.i.JtaPlatformInitiator - HHH000490: Using JtaPlatform implementation: [org.hibernate.engine.transaction.jta.platform.internal.NoJtaPlatform]
10-01-2021 13:46:40.235 INFO  [main] o.s.o.j.LocalContainerEntityManagerFactoryBean - Initialized JPA EntityManagerFactory for persistence unit 'default'
10-01-2021 13:46:43.444 INFO  [main] org.camunda.bpm.spring.boot - STARTER-SB040 Setting up jobExecutor with corePoolSize=3, maxPoolSize:10
10-01-2021 13:46:43.446 INFO  [main] o.s.s.c.ThreadPoolTaskExecutor - Initializing ExecutorService 'camundaTaskExecutor'
10-01-2021 13:46:43.615 INFO  [main] org.camunda.bpm.engine.cfg - ENGINE-12003 Plugin 'CompositeProcessEnginePlugin[genericPropertiesConfiguration, camundaProcessEngineConfiguration, camundaDatasourceConfiguration, camundaJpaConfiguration, camundaJobConfiguration, camundaHistoryConfiguration, camundaMetricsConfiguration, camundaAuthorizationConfiguration, camundaDeploymentConfiguration, failedJobConfiguration]' activated on process engine 'default'
10-01-2021 13:46:48.837 INFO  [main] org.camunda.bpm.spring.boot - STARTER-SB021 Auto-Deploying resources: []
10-01-2021 13:46:54.862 INFO  [main] org.camunda.bpm.engine - ENGINE-00001 Process Engine default created.
10-01-2021 13:46:54.952 INFO  [main] o.c.b.s.b.s.w.f.LazyInitRegistration - lazy initialized org.camunda.bpm.spring.boot.starter.webapp.filter.LazyProcessEnginesFilter@7c853486
10-01-2021 13:46:55.055 INFO  [main] o.c.b.s.b.s.w.f.LazyInitRegistration - lazy initialized org.camunda.bpm.spring.boot.starter.webapp.filter.LazySecurityFilter@3491e86e
10-01-2021 13:46:55.230 INFO  [main] o.s.s.web.DefaultSecurityFilterChain - Creating filter chain: Ant [pattern='/api/auth/**', POST], []
10-01-2021 13:46:55.230 INFO  [main] o.s.s.web.DefaultSecurityFilterChain - Creating filter chain: Ant [pattern='/api/auth', PUT], []
10-01-2021 13:46:55.231 INFO  [main] o.s.s.web.DefaultSecurityFilterChain - Creating filter chain: Ant [pattern='/', GET], []
10-01-2021 13:46:55.231 INFO  [main] o.s.s.web.DefaultSecurityFilterChain - Creating filter chain: Ant [pattern='/webjars/**', GET], []
10-01-2021 13:46:55.231 INFO  [main] o.s.s.web.DefaultSecurityFilterChain - Creating filter chain: Ant [pattern='/*.html', GET], []
10-01-2021 13:46:55.231 INFO  [main] o.s.s.web.DefaultSecurityFilterChain - Creating filter chain: Ant [pattern='/favicon.ico', GET], []
10-01-2021 13:46:55.231 INFO  [main] o.s.s.web.DefaultSecurityFilterChain - Creating filter chain: Ant [pattern='/**/*.html', GET], []
10-01-2021 13:46:55.232 INFO  [main] o.s.s.web.DefaultSecurityFilterChain - Creating filter chain: Ant [pattern='/**/*.css', GET], []
10-01-2021 13:46:55.232 INFO  [main] o.s.s.web.DefaultSecurityFilterChain - Creating filter chain: Ant [pattern='/**/*.js', GET], []
10-01-2021 13:46:55.232 INFO  [main] o.s.s.web.DefaultSecurityFilterChain - Creating filter chain: Ant [pattern='/assets/**', GET], []
10-01-2021 13:46:55.294 INFO  [main] o.s.s.web.DefaultSecurityFilterChain - Creating filter chain: any request, [org.springframework.security.web.context.request.async.WebAsyncManagerIntegrationFilter@4b552b13, org.springframework.security.web.context.SecurityContextPersistenceFilter@384f0e32, org.springframework.security.web.header.HeaderWriterFilter@270be080, org.springframework.web.filter.CorsFilter@524dd373, org.springframework.security.web.authentication.logout.LogoutFilter@1018f702, com.la.security.auth.TokenAuthenticationFilter@5ca3acad, org.springframework.security.web.savedrequest.RequestCacheAwareFilter@5f14590c, org.springframework.security.web.servletapi.SecurityContextHolderAwareRequestFilter@13731ff4, org.springframework.security.web.authentication.AnonymousAuthenticationFilter@b75f3f4, org.springframework.security.web.session.SessionManagementFilter@20462820, org.springframework.security.web.access.ExceptionTranslationFilter@623ded82, org.springframework.security.web.access.intercept.FilterSecurityInterceptor@b5bddfe]
10-01-2021 13:46:55.371 INFO  [main] o.a.coyote.http11.Http11NioProtocol - Starting ProtocolHandler ["http-nio-8080"]
10-01-2021 13:46:55.405 INFO  [main] o.s.b.w.e.tomcat.TomcatWebServer - Tomcat started on port(s): 8080 (http) with context path ''
10-01-2021 13:46:55.408 INFO  [main] com.la.LiteraryAssociationApp - Started LiteraryAssociationApp in 29.934 seconds (JVM running for 33.829)
10-01-2021 13:46:55.411 INFO  [main] org.camunda.bpm.engine.jobexecutor - ENGINE-14014 Starting up the JobExecutor[org.camunda.bpm.engine.spring.components.jobexecutor.SpringJobExecutor].
10-01-2021 13:46:55.414 INFO  [JobExecutor[org.camunda.bpm.engine.spring.components.jobexecutor.SpringJobExecutor]] org.camunda.bpm.engine.jobexecutor - ENGINE-14018 JobExecutor[org.camunda.bpm.engine.spring.components.jobexecutor.SpringJobExecutor] starting to acquire jobs
10-01-2021 13:48:06.520 INFO  [http-nio-8080-exec-1] o.a.c.c.C.[Tomcat].[localhost].[/] - Initializing Spring DispatcherServlet 'dispatcherServlet'
10-01-2021 13:48:06.521 INFO  [http-nio-8080-exec-1] o.s.web.servlet.DispatcherServlet - Initializing Servlet 'dispatcherServlet'
10-01-2021 13:48:06.539 INFO  [http-nio-8080-exec-1] o.s.web.servlet.DispatcherServlet - Completed initialization in 18 ms
10-01-2021 17:32:52.349 INFO  [main] com.la.LiteraryAssociationApp - Starting LiteraryAssociationApp on DESKTOP-FMPOMGS with PID 21564 (D:\Master_Projekat_SEP_UPP_UDD\literary-association\literary-association\literary-association-backend\target\classes started by HP in D:\Master_Projekat_SEP_UPP_UDD\literary-association\payment-concentrator\payment-concentrator-backend)
10-01-2021 17:32:52.393 INFO  [main] com.la.LiteraryAssociationApp - No active profile set, falling back to default profiles: default
10-01-2021 17:32:55.011 INFO  [main] o.s.d.r.c.RepositoryConfigurationDelegate - Bootstrapping Spring Data JPA repositories in DEFAULT mode.
10-01-2021 17:32:55.238 INFO  [main] o.s.d.r.c.RepositoryConfigurationDelegate - Finished Spring Data repository scanning in 213ms. Found 14 JPA repository interfaces.
10-01-2021 17:32:55.836 INFO  [main] o.s.c.s.PostProcessorRegistrationDelegate$BeanPostProcessorChecker - Bean 'org.springframework.security.config.annotation.configuration.ObjectPostProcessorConfiguration' of type [org.springframework.security.config.annotation.configuration.ObjectPostProcessorConfiguration] is not eligible for getting processed by all BeanPostProcessors (for example: not eligible for auto-proxying)
10-01-2021 17:32:55.844 INFO  [main] o.s.c.s.PostProcessorRegistrationDelegate$BeanPostProcessorChecker - Bean 'objectPostProcessor' of type [org.springframework.security.config.annotation.configuration.AutowireBeanFactoryObjectPostProcessor] is not eligible for getting processed by all BeanPostProcessors (for example: not eligible for auto-proxying)
10-01-2021 17:32:55.850 INFO  [main] o.s.c.s.PostProcessorRegistrationDelegate$BeanPostProcessorChecker - Bean 'org.springframework.security.access.expression.method.DefaultMethodSecurityExpressionHandler@27b22f74' of type [org.springframework.security.access.expression.method.DefaultMethodSecurityExpressionHandler] is not eligible for getting processed by all BeanPostProcessors (for example: not eligible for auto-proxying)
10-01-2021 17:32:55.856 INFO  [main] o.s.c.s.PostProcessorRegistrationDelegate$BeanPostProcessorChecker - Bean 'org.springframework.security.config.annotation.method.configuration.GlobalMethodSecurityConfiguration' of type [org.springframework.security.config.annotation.method.configuration.GlobalMethodSecurityConfiguration] is not eligible for getting processed by all BeanPostProcessors (for example: not eligible for auto-proxying)
10-01-2021 17:32:55.865 INFO  [main] o.s.c.s.PostProcessorRegistrationDelegate$BeanPostProcessorChecker - Bean 'methodSecurityMetadataSource' of type [org.springframework.security.access.method.DelegatingMethodSecurityMetadataSource] is not eligible for getting processed by all BeanPostProcessors (for example: not eligible for auto-proxying)
10-01-2021 17:32:56.321 INFO  [main] o.s.b.w.e.tomcat.TomcatWebServer - Tomcat initialized with port(s): 8080 (http)
10-01-2021 17:32:56.334 INFO  [main] o.a.coyote.http11.Http11NioProtocol - Initializing ProtocolHandler ["http-nio-8080"]
10-01-2021 17:32:56.335 INFO  [main] o.a.catalina.core.StandardService - Starting service [Tomcat]
10-01-2021 17:32:56.336 INFO  [main] o.a.catalina.core.StandardEngine - Starting Servlet engine: [Apache Tomcat/9.0.33]
10-01-2021 17:32:56.605 INFO  [main] o.a.c.c.C.[Tomcat].[localhost].[/] - Initializing Spring embedded WebApplicationContext
10-01-2021 17:32:56.605 INFO  [main] o.s.web.context.ContextLoader - Root WebApplicationContext: initialization completed in 4084 ms
10-01-2021 17:32:57.218 INFO  [main] o.h.jpa.internal.util.LogHelper - HHH000204: Processing PersistenceUnitInfo [name: default]
10-01-2021 17:32:57.359 INFO  [main] org.hibernate.Version - HHH000412: Hibernate ORM core version 5.4.12.Final
10-01-2021 17:32:57.615 INFO  [main] o.h.annotations.common.Version - HCANN000001: Hibernate Commons Annotations {5.1.0.Final}
10-01-2021 17:32:57.814 INFO  [main] com.zaxxer.hikari.HikariDataSource - HikariPool-1 - Starting...
10-01-2021 17:32:58.033 INFO  [main] com.zaxxer.hikari.HikariDataSource - HikariPool-1 - Start completed.
10-01-2021 17:32:58.057 INFO  [main] org.hibernate.dialect.Dialect - HHH000400: Using dialect: org.hibernate.dialect.MySQL8Dialect
10-01-2021 17:33:05.833 INFO  [main] o.h.e.t.j.p.i.JtaPlatformInitiator - HHH000490: Using JtaPlatform implementation: [org.hibernate.engine.transaction.jta.platform.internal.NoJtaPlatform]
10-01-2021 17:33:05.851 INFO  [main] o.s.o.j.LocalContainerEntityManagerFactoryBean - Initialized JPA EntityManagerFactory for persistence unit 'default'
10-01-2021 17:33:08.973 INFO  [main] org.camunda.bpm.spring.boot - STARTER-SB040 Setting up jobExecutor with corePoolSize=3, maxPoolSize:10
10-01-2021 17:33:08.974 INFO  [main] o.s.s.c.ThreadPoolTaskExecutor - Initializing ExecutorService 'camundaTaskExecutor'
10-01-2021 17:33:09.143 INFO  [main] org.camunda.bpm.engine.cfg - ENGINE-12003 Plugin 'CompositeProcessEnginePlugin[genericPropertiesConfiguration, camundaProcessEngineConfiguration, camundaDatasourceConfiguration, camundaJpaConfiguration, camundaJobConfiguration, camundaHistoryConfiguration, camundaMetricsConfiguration, camundaAuthorizationConfiguration, camundaDeploymentConfiguration, failedJobConfiguration]' activated on process engine 'default'
10-01-2021 17:33:14.674 INFO  [main] org.camunda.bpm.spring.boot - STARTER-SB021 Auto-Deploying resources: []
10-01-2021 17:33:21.302 INFO  [main] org.camunda.bpm.engine - ENGINE-00001 Process Engine default created.
10-01-2021 17:33:21.515 INFO  [main] o.c.b.s.b.s.w.f.LazyInitRegistration - lazy initialized org.camunda.bpm.spring.boot.starter.webapp.filter.LazySecurityFilter@a33b4e3
10-01-2021 17:33:21.516 INFO  [main] o.c.b.s.b.s.w.f.LazyInitRegistration - lazy initialized org.camunda.bpm.spring.boot.starter.webapp.filter.LazyProcessEnginesFilter@45d64d27
10-01-2021 17:33:21.724 INFO  [main] o.s.s.web.DefaultSecurityFilterChain - Creating filter chain: Ant [pattern='/api/auth/**', POST], []
10-01-2021 17:33:21.724 INFO  [main] o.s.s.web.DefaultSecurityFilterChain - Creating filter chain: Ant [pattern='/api/auth', PUT], []
10-01-2021 17:33:21.724 INFO  [main] o.s.s.web.DefaultSecurityFilterChain - Creating filter chain: Ant [pattern='/', GET], []
10-01-2021 17:33:21.724 INFO  [main] o.s.s.web.DefaultSecurityFilterChain - Creating filter chain: Ant [pattern='/webjars/**', GET], []
10-01-2021 17:33:21.725 INFO  [main] o.s.s.web.DefaultSecurityFilterChain - Creating filter chain: Ant [pattern='/*.html', GET], []
10-01-2021 17:33:21.725 INFO  [main] o.s.s.web.DefaultSecurityFilterChain - Creating filter chain: Ant [pattern='/favicon.ico', GET], []
10-01-2021 17:33:21.726 INFO  [main] o.s.s.web.DefaultSecurityFilterChain - Creating filter chain: Ant [pattern='/**/*.html', GET], []
10-01-2021 17:33:21.726 INFO  [main] o.s.s.web.DefaultSecurityFilterChain - Creating filter chain: Ant [pattern='/**/*.css', GET], []
10-01-2021 17:33:21.726 INFO  [main] o.s.s.web.DefaultSecurityFilterChain - Creating filter chain: Ant [pattern='/**/*.js', GET], []
10-01-2021 17:33:21.726 INFO  [main] o.s.s.web.DefaultSecurityFilterChain - Creating filter chain: Ant [pattern='/assets/**', GET], []
10-01-2021 17:33:21.804 INFO  [main] o.s.s.web.DefaultSecurityFilterChain - Creating filter chain: any request, [org.springframework.security.web.context.request.async.WebAsyncManagerIntegrationFilter@4c6eaa65, org.springframework.security.web.context.SecurityContextPersistenceFilter@152d2a58, org.springframework.security.web.header.HeaderWriterFilter@151d216e, org.springframework.web.filter.CorsFilter@53f1fcc2, org.springframework.security.web.authentication.logout.LogoutFilter@2c86b0ea, com.la.security.auth.TokenAuthenticationFilter@6a261998, org.springframework.security.web.savedrequest.RequestCacheAwareFilter@12478b4e, org.springframework.security.web.servletapi.SecurityContextHolderAwareRequestFilter@13ae87a6, org.springframework.security.web.authentication.AnonymousAuthenticationFilter@70f3bf00, org.springframework.security.web.session.SessionManagementFilter@40d04cf8, org.springframework.security.web.access.ExceptionTranslationFilter@4880a9d, org.springframework.security.web.access.intercept.FilterSecurityInterceptor@1afabf06]
10-01-2021 17:33:21.905 INFO  [main] o.a.coyote.http11.Http11NioProtocol - Starting ProtocolHandler ["http-nio-8080"]
10-01-2021 17:33:21.958 INFO  [main] o.s.b.w.e.tomcat.TomcatWebServer - Tomcat started on port(s): 8080 (http) with context path ''
10-01-2021 17:33:21.962 INFO  [main] com.la.LiteraryAssociationApp - Started LiteraryAssociationApp in 31.341 seconds (JVM running for 34.452)
10-01-2021 17:33:21.967 INFO  [main] org.camunda.bpm.engine.jobexecutor - ENGINE-14014 Starting up the JobExecutor[org.camunda.bpm.engine.spring.components.jobexecutor.SpringJobExecutor].
10-01-2021 17:33:21.972 INFO  [JobExecutor[org.camunda.bpm.engine.spring.components.jobexecutor.SpringJobExecutor]] org.camunda.bpm.engine.jobexecutor - ENGINE-14018 JobExecutor[org.camunda.bpm.engine.spring.components.jobexecutor.SpringJobExecutor] starting to acquire jobs
10-01-2021 17:33:50.095 INFO  [http-nio-8080-exec-1] o.a.c.c.C.[Tomcat].[localhost].[/] - Initializing Spring DispatcherServlet 'dispatcherServlet'
10-01-2021 17:33:50.096 INFO  [http-nio-8080-exec-1] o.s.web.servlet.DispatcherServlet - Initializing Servlet 'dispatcherServlet'
10-01-2021 17:33:50.115 INFO  [http-nio-8080-exec-1] o.s.web.servlet.DispatcherServlet - Completed initialization in 19 ms
