24-12-2020 07:56:05.178 INFO  [main] com.la.PaymentConcentratorApp - No active profile set, falling back to default profiles: default
24-12-2020 07:56:07.218 INFO  [main] o.s.d.r.c.RepositoryConfigurationDelegate - Bootstrapping Spring Data JPA repositories in DEFAULT mode.
24-12-2020 07:56:07.382 INFO  [main] o.s.d.r.c.RepositoryConfigurationDelegate - Finished Spring Data repository scanning in 153ms. Found 8 JPA repository interfaces.
24-12-2020 07:56:07.865 INFO  [main] o.s.cloud.context.scope.GenericScope - BeanFactory id=66f2c991-ceb7-3666-ba98-94e337a30495
24-12-2020 07:56:08.073 INFO  [main] o.s.c.s.PostProcessorRegistrationDelegate$BeanPostProcessorChecker - Bean 'com.la.feign.BankFeignClient' of type [org.springframework.cloud.openfeign.FeignClientFactoryBean] is not eligible for getting processed by all BeanPostProcessors (for example: not eligible for auto-proxying)
24-12-2020 07:56:08.427 INFO  [main] o.s.c.s.PostProcessorRegistrationDelegate$BeanPostProcessorChecker - Bean 'org.springframework.security.config.annotation.configuration.ObjectPostProcessorConfiguration' of type [org.springframework.security.config.annotation.configuration.ObjectPostProcessorConfiguration] is not eligible for getting processed by all BeanPostProcessors (for example: not eligible for auto-proxying)
24-12-2020 07:56:08.436 INFO  [main] o.s.c.s.PostProcessorRegistrationDelegate$BeanPostProcessorChecker - Bean 'objectPostProcessor' of type [org.springframework.security.config.annotation.configuration.AutowireBeanFactoryObjectPostProcessor] is not eligible for getting processed by all BeanPostProcessors (for example: not eligible for auto-proxying)
24-12-2020 07:56:08.443 INFO  [main] o.s.c.s.PostProcessorRegistrationDelegate$BeanPostProcessorChecker - Bean 'org.springframework.security.access.expression.method.DefaultMethodSecurityExpressionHandler@182e7eda' of type [org.springframework.security.access.expression.method.DefaultMethodSecurityExpressionHandler] is not eligible for getting processed by all BeanPostProcessors (for example: not eligible for auto-proxying)
24-12-2020 07:56:08.445 INFO  [main] o.s.c.s.PostProcessorRegistrationDelegate$BeanPostProcessorChecker - Bean 'org.springframework.security.config.annotation.method.configuration.GlobalMethodSecurityConfiguration' of type [org.springframework.security.config.annotation.method.configuration.GlobalMethodSecurityConfiguration] is not eligible for getting processed by all BeanPostProcessors (for example: not eligible for auto-proxying)
24-12-2020 07:56:08.452 INFO  [main] o.s.c.s.PostProcessorRegistrationDelegate$BeanPostProcessorChecker - Bean 'methodSecurityMetadataSource' of type [org.springframework.security.access.method.DelegatingMethodSecurityMetadataSource] is not eligible for getting processed by all BeanPostProcessors (for example: not eligible for auto-proxying)
24-12-2020 07:56:08.876 INFO  [main] o.s.b.w.e.tomcat.TomcatWebServer - Tomcat initialized with port(s): 8081 (http)
24-12-2020 07:56:08.891 INFO  [main] o.a.coyote.http11.Http11NioProtocol - Initializing ProtocolHandler ["http-nio-8081"]
24-12-2020 07:56:08.893 INFO  [main] o.a.catalina.core.StandardService - Starting service [Tomcat]
24-12-2020 07:56:08.894 INFO  [main] o.a.catalina.core.StandardEngine - Starting Servlet engine: [Apache Tomcat/9.0.33]
24-12-2020 07:56:09.252 INFO  [main] o.a.c.c.C.[Tomcat].[localhost].[/] - Initializing Spring embedded WebApplicationContext
24-12-2020 07:56:09.253 INFO  [main] o.s.web.context.ContextLoader - Root WebApplicationContext: initialization completed in 4042 ms
24-12-2020 07:56:09.427 INFO  [main] c.n.c.sources.URLConfigurationSource - To enable URLs as dynamic configuration sources, define System property archaius.configurationSource.additionalUrls or make config.properties available on classpath.
24-12-2020 07:56:09.443 INFO  [main] c.n.config.DynamicPropertyFactory - DynamicPropertyFactory is initialized with configuration sources: com.netflix.config.ConcurrentCompositeConfiguration@424f02b8
24-12-2020 07:56:09.880 INFO  [main] o.h.jpa.internal.util.LogHelper - HHH000204: Processing PersistenceUnitInfo [name: default]
24-12-2020 07:56:10.094 INFO  [main] org.hibernate.Version - HHH000412: Hibernate ORM core version 5.4.12.Final
24-12-2020 07:56:10.287 INFO  [main] o.h.annotations.common.Version - HCANN000001: Hibernate Commons Annotations {5.1.0.Final}
24-12-2020 07:56:10.454 INFO  [main] com.zaxxer.hikari.HikariDataSource - HikariPool-1 - Starting...
24-12-2020 07:56:10.632 INFO  [main] com.zaxxer.hikari.HikariDataSource - HikariPool-1 - Start completed.
24-12-2020 07:56:10.650 INFO  [main] org.hibernate.dialect.Dialect - HHH000400: Using dialect: org.hibernate.dialect.MySQL8Dialect
24-12-2020 07:56:18.700 INFO  [main] o.h.e.t.j.p.i.JtaPlatformInitiator - HHH000490: Using JtaPlatform implementation: [org.hibernate.engine.transaction.jta.platform.internal.NoJtaPlatform]
24-12-2020 07:56:18.716 INFO  [main] o.s.o.j.LocalContainerEntityManagerFactoryBean - Initialized JPA EntityManagerFactory for persistence unit 'default'
24-12-2020 07:56:23.390 INFO  [main] o.s.c.n.eureka.InstanceInfoFactory - Setting initial instance status as: STARTING
24-12-2020 07:56:23.613 INFO  [main] c.netflix.discovery.DiscoveryClient - Initializing Eureka in region us-east-1
24-12-2020 07:56:24.050 INFO  [main] c.n.d.p.DiscoveryJerseyProvider - Using JSON encoding codec LegacyJacksonJson
24-12-2020 07:56:24.051 INFO  [main] c.n.d.p.DiscoveryJerseyProvider - Using JSON decoding codec LegacyJacksonJson
24-12-2020 07:56:24.455 INFO  [main] c.n.d.p.DiscoveryJerseyProvider - Using XML encoding codec XStreamXml
24-12-2020 07:56:24.455 INFO  [main] c.n.d.p.DiscoveryJerseyProvider - Using XML decoding codec XStreamXml
24-12-2020 07:56:25.195 INFO  [main] c.n.d.s.r.aws.ConfigClusterResolver - Resolving eureka endpoints via configuration
24-12-2020 07:56:25.246 INFO  [main] c.netflix.discovery.DiscoveryClient - Disable delta property : false
24-12-2020 07:56:25.247 INFO  [main] c.netflix.discovery.DiscoveryClient - Single vip registry refresh property : null
24-12-2020 07:56:25.247 INFO  [main] c.netflix.discovery.DiscoveryClient - Force full registry fetch : false
24-12-2020 07:56:25.247 INFO  [main] c.netflix.discovery.DiscoveryClient - Application is null : false
24-12-2020 07:56:25.248 INFO  [main] c.netflix.discovery.DiscoveryClient - Registered Applications size is zero : true
24-12-2020 07:56:25.248 INFO  [main] c.netflix.discovery.DiscoveryClient - Application version is -1: true
24-12-2020 07:56:25.248 INFO  [main] c.netflix.discovery.DiscoveryClient - Getting all instance registry info from the eureka server
24-12-2020 07:56:25.503 INFO  [main] c.netflix.discovery.DiscoveryClient - The response status is 200
24-12-2020 07:56:25.522 INFO  [main] c.netflix.discovery.DiscoveryClient - Starting heartbeat executor: renew interval is: 30
24-12-2020 07:56:25.538 INFO  [main] c.n.discovery.InstanceInfoReplicator - InstanceInfoReplicator onDemand update allowed rate per min is 4
24-12-2020 07:56:25.571 INFO  [main] c.netflix.discovery.DiscoveryClient - Discovery Client initialized at timestamp 1608792985569 with initial instances count: 1
24-12-2020 07:56:26.135 INFO  [main] c.n.c.sources.URLConfigurationSource - To enable URLs as dynamic configuration sources, define System property archaius.configurationSource.additionalUrls or make config.properties available on classpath.
24-12-2020 07:56:26.960 INFO  [main] o.s.s.web.DefaultSecurityFilterChain - Creating filter chain: Ant [pattern='/api/auth/**', POST], []
24-12-2020 07:56:26.961 INFO  [main] o.s.s.web.DefaultSecurityFilterChain - Creating filter chain: Ant [pattern='/api/auth', PUT], []
24-12-2020 07:56:26.962 INFO  [main] o.s.s.web.DefaultSecurityFilterChain - Creating filter chain: Ant [pattern='/', GET], []
24-12-2020 07:56:26.963 INFO  [main] o.s.s.web.DefaultSecurityFilterChain - Creating filter chain: Ant [pattern='/webjars/**', GET], []
24-12-2020 07:56:26.964 INFO  [main] o.s.s.web.DefaultSecurityFilterChain - Creating filter chain: Ant [pattern='/*.html', GET], []
24-12-2020 07:56:26.967 INFO  [main] o.s.s.web.DefaultSecurityFilterChain - Creating filter chain: Ant [pattern='/favicon.ico', GET], []
24-12-2020 07:56:26.967 INFO  [main] o.s.s.web.DefaultSecurityFilterChain - Creating filter chain: Ant [pattern='/**/*.html', GET], []
24-12-2020 07:56:26.968 INFO  [main] o.s.s.web.DefaultSecurityFilterChain - Creating filter chain: Ant [pattern='/**/*.css', GET], []
24-12-2020 07:56:26.968 INFO  [main] o.s.s.web.DefaultSecurityFilterChain - Creating filter chain: Ant [pattern='/**/*.js', GET], []
24-12-2020 07:56:26.968 INFO  [main] o.s.s.web.DefaultSecurityFilterChain - Creating filter chain: Ant [pattern='/assets/**', GET], []
24-12-2020 07:56:27.059 INFO  [main] o.s.b.a.e.web.EndpointLinksResolver - Exposing 2 endpoint(s) beneath base path '/actuator'
24-12-2020 07:56:27.106 INFO  [main] o.s.s.web.DefaultSecurityFilterChain - Creating filter chain: any request, [org.springframework.security.web.context.request.async.WebAsyncManagerIntegrationFilter@2b85fc, org.springframework.security.web.context.SecurityContextPersistenceFilter@69e3caa1, org.springframework.security.web.header.HeaderWriterFilter@4d37a4d7, org.springframework.web.filter.CorsFilter@255eadf5, org.springframework.security.web.authentication.logout.LogoutFilter@58fe7e22, com.la.security.auth.TokenAuthenticationFilter@13ebbdab, org.springframework.security.web.savedrequest.RequestCacheAwareFilter@72548e3c, org.springframework.security.web.servletapi.SecurityContextHolderAwareRequestFilter@58ed5ed3, org.springframework.security.web.authentication.AnonymousAuthenticationFilter@74af4b0, org.springframework.security.web.session.SessionManagementFilter@18ab86a2, org.springframework.security.web.access.ExceptionTranslationFilter@3177190a, org.springframework.security.web.access.intercept.FilterSecurityInterceptor@e471cef]
24-12-2020 07:56:27.397 INFO  [main] o.s.c.n.zuul.ZuulFilterInitializer - Starting filter initializer
24-12-2020 07:56:27.484 INFO  [main] o.s.c.n.e.s.EurekaServiceRegistry - Registering application ZUUL-API-GATEWAY with eureka with status UP
24-12-2020 07:56:27.485 INFO  [main] c.netflix.discovery.DiscoveryClient - Saw local status change event StatusChangeEvent [timestamp=1608792987485, current=UP, previous=STARTING]
24-12-2020 07:56:27.489 INFO  [DiscoveryClient-InstanceInfoReplicator-0] c.netflix.discovery.DiscoveryClient - DiscoveryClient_ZUUL-API-GATEWAY/DESKTOP-S8EDMMJ.mshome.net:zuul-api-gateway:8081: registering service...
24-12-2020 07:56:27.546 INFO  [main] o.a.coyote.http11.Http11NioProtocol - Starting ProtocolHandler ["http-nio-8081"]
24-12-2020 07:56:27.562 INFO  [DiscoveryClient-InstanceInfoReplicator-0] c.netflix.discovery.DiscoveryClient - DiscoveryClient_ZUUL-API-GATEWAY/DESKTOP-S8EDMMJ.mshome.net:zuul-api-gateway:8081 - registration status: 204
24-12-2020 07:56:27.599 INFO  [main] o.s.b.w.e.tomcat.TomcatWebServer - Tomcat started on port(s): 8081 (http) with context path ''
24-12-2020 07:56:27.600 INFO  [main] o.s.c.n.e.s.EurekaAutoServiceRegistration - Updating port to 8081
24-12-2020 07:56:27.867 INFO  [main] com.la.PaymentConcentratorApp - Started PaymentConcentratorApp in 25.642 seconds (JVM running for 28.263)
