24-12-2020 07:55:22.231 WARN  [main] o.s.b.a.o.j.JpaBaseConfiguration$JpaWebConfiguration - spring.jpa.open-in-view is enabled by default. Therefore, database queries may be performed during view rendering. Explicitly configure spring.jpa.open-in-view to disable this warning
24-12-2020 07:55:22.769 WARN  [main] c.n.c.sources.URLConfigurationSource - No URLs will be polled as dynamic configuration sources.
24-12-2020 07:55:22.777 WARN  [main] c.n.c.sources.URLConfigurationSource - No URLs will be polled as dynamic configuration sources.
24-12-2020 07:55:23.710 WARN  [main] o.s.c.l.c.BlockingLoadBalancerClientAutoConfiguration$BlockingLoadBalancerClientRibbonWarnLogger - You already have RibbonLoadBalancerClient on your classpath. It will be used by default. As Spring Cloud Ribbon is in maintenance mode. We recommend switching to BlockingLoadBalancerClient instead. In order to use it, set the value of `spring.cloud.loadbalancer.ribbon.enabled` to `false` or remove spring-cloud-starter-netflix-ribbon from your project.
24-12-2020 07:57:21.966 WARN  [main] o.s.boot.actuate.endpoint.EndpointId - Endpoint ID 'service-registry' contains invalid characters, please migrate to a valid format.
24-12-2020 07:57:21.992 WARN  [main] o.s.boot.actuate.endpoint.EndpointId - Endpoint ID 'hystrix.stream' contains invalid characters, please migrate to a valid format.
24-12-2020 07:57:23.680 WARN  [main] c.n.c.sources.URLConfigurationSource - No URLs will be polled as dynamic configuration sources.
24-12-2020 07:57:23.816 WARN  [main] o.s.b.a.o.j.JpaBaseConfiguration$JpaWebConfiguration - spring.jpa.open-in-view is enabled by default. Therefore, database queries may be performed during view rendering. Explicitly configure spring.jpa.open-in-view to disable this warning
24-12-2020 07:57:37.076 WARN  [main] c.n.c.sources.URLConfigurationSource - No URLs will be polled as dynamic configuration sources.
24-12-2020 07:57:37.751 WARN  [main] o.s.c.l.c.BlockingLoadBalancerClientAutoConfiguration$BlockingLoadBalancerClientRibbonWarnLogger - You already have RibbonLoadBalancerClient on your classpath. It will be used by default. As Spring Cloud Ribbon is in maintenance mode. We recommend switching to BlockingLoadBalancerClient instead. In order to use it, set the value of `spring.cloud.loadbalancer.ribbon.enabled` to `false` or remove spring-cloud-starter-netflix-ribbon from your project.
24-12-2020 08:00:30.519 WARN  [http-nio-8084-exec-2] o.s.w.s.m.s.DefaultHandlerExceptionResolver - Resolved [org.springframework.web.HttpRequestMethodNotSupportedException: Request method 'GET' not supported]
10-01-2021 11:09:34.916 WARN  [main] o.s.b.w.s.c.AnnotationConfigServletWebServerApplicationContext - Exception encountered during context initialization - cancelling refresh attempt: org.springframework.beans.factory.BeanCreationException: Error creating bean with name 'entityManagerFactory' defined in class path resource [org/springframework/boot/autoconfigure/orm/jpa/HibernateJpaConfiguration.class]: Invocation of init method failed; nested exception is org.hibernate.DuplicateMappingException: The [com.la.model.Administrator] and [com.la.model.users.Administrator] entities share the same JPA entity name: [Administrator] which is not allowed!
10-01-2021 11:14:49.779 WARN  [main] o.s.b.a.o.j.JpaBaseConfiguration$JpaWebConfiguration - spring.jpa.open-in-view is enabled by default. Therefore, database queries may be performed during view rendering. Explicitly configure spring.jpa.open-in-view to disable this warning
10-01-2021 11:14:58.224 WARN  [main] o.c.b.s.b.s.c.i.DefaultDeploymentConfiguration - unable to determine if resource URL [jar:file:/C:/Users/HP/.m2/repository/org/camunda/bpm/dmn/camunda-engine-dmn/7.10.0/camunda-engine-dmn-7.10.0.jar!/META-INF/maven/org.camunda.bpm.dmn/] is a deployable resource
10-01-2021 11:14:58.224 WARN  [main] o.c.b.s.b.s.c.i.DefaultDeploymentConfiguration - unable to determine if resource URL [jar:file:/C:/Users/HP/.m2/repository/org/camunda/bpm/dmn/camunda-engine-feel-api/7.10.0/camunda-engine-feel-api-7.10.0.jar!/META-INF/maven/org.camunda.bpm.dmn/] is a deployable resource
10-01-2021 11:14:58.225 WARN  [main] o.c.b.s.b.s.c.i.DefaultDeploymentConfiguration - unable to determine if resource URL [jar:file:/C:/Users/HP/.m2/repository/org/camunda/bpm/dmn/camunda-engine-feel-juel/7.10.0/camunda-engine-feel-juel-7.10.0.jar!/META-INF/maven/org.camunda.bpm.dmn/] is a deployable resource
10-01-2021 11:25:09.202 WARN  [main] o.s.b.a.o.j.JpaBaseConfiguration$JpaWebConfiguration - spring.jpa.open-in-view is enabled by default. Therefore, database queries may be performed during view rendering. Explicitly configure spring.jpa.open-in-view to disable this warning
10-01-2021 11:25:17.762 WARN  [main] o.c.b.s.b.s.c.i.DefaultDeploymentConfiguration - unable to determine if resource URL [jar:file:/C:/Users/HP/.m2/repository/org/camunda/bpm/dmn/camunda-engine-dmn/7.10.0/camunda-engine-dmn-7.10.0.jar!/META-INF/maven/org.camunda.bpm.dmn/] is a deployable resource
10-01-2021 11:25:17.763 WARN  [main] o.c.b.s.b.s.c.i.DefaultDeploymentConfiguration - unable to determine if resource URL [jar:file:/C:/Users/HP/.m2/repository/org/camunda/bpm/dmn/camunda-engine-feel-api/7.10.0/camunda-engine-feel-api-7.10.0.jar!/META-INF/maven/org.camunda.bpm.dmn/] is a deployable resource
10-01-2021 11:25:17.763 WARN  [main] o.c.b.s.b.s.c.i.DefaultDeploymentConfiguration - unable to determine if resource URL [jar:file:/C:/Users/HP/.m2/repository/org/camunda/bpm/dmn/camunda-engine-feel-juel/7.10.0/camunda-engine-feel-juel-7.10.0.jar!/META-INF/maven/org.camunda.bpm.dmn/] is a deployable resource
10-01-2021 13:36:37.526 WARN  [main] o.s.b.a.o.j.JpaBaseConfiguration$JpaWebConfiguration - spring.jpa.open-in-view is enabled by default. Therefore, database queries may be performed during view rendering. Explicitly configure spring.jpa.open-in-view to disable this warning
10-01-2021 13:36:47.703 WARN  [main] o.c.b.s.b.s.c.i.DefaultDeploymentConfiguration - unable to determine if resource URL [jar:file:/C:/Users/HP/.m2/repository/org/camunda/bpm/dmn/camunda-engine-dmn/7.10.0/camunda-engine-dmn-7.10.0.jar!/META-INF/maven/org.camunda.bpm.dmn/] is a deployable resource
10-01-2021 13:36:47.704 WARN  [main] o.c.b.s.b.s.c.i.DefaultDeploymentConfiguration - unable to determine if resource URL [jar:file:/C:/Users/HP/.m2/repository/org/camunda/bpm/dmn/camunda-engine-feel-api/7.10.0/camunda-engine-feel-api-7.10.0.jar!/META-INF/maven/org.camunda.bpm.dmn/] is a deployable resource
10-01-2021 13:36:47.704 WARN  [main] o.c.b.s.b.s.c.i.DefaultDeploymentConfiguration - unable to determine if resource URL [jar:file:/C:/Users/HP/.m2/repository/org/camunda/bpm/dmn/camunda-engine-feel-juel/7.10.0/camunda-engine-feel-juel-7.10.0.jar!/META-INF/maven/org.camunda.bpm.dmn/] is a deployable resource
10-01-2021 13:46:40.693 WARN  [main] o.s.b.a.o.j.JpaBaseConfiguration$JpaWebConfiguration - spring.jpa.open-in-view is enabled by default. Therefore, database queries may be performed during view rendering. Explicitly configure spring.jpa.open-in-view to disable this warning
10-01-2021 13:46:48.836 WARN  [main] o.c.b.s.b.s.c.i.DefaultDeploymentConfiguration - unable to determine if resource URL [jar:file:/C:/Users/HP/.m2/repository/org/camunda/bpm/dmn/camunda-engine-dmn/7.10.0/camunda-engine-dmn-7.10.0.jar!/META-INF/maven/org.camunda.bpm.dmn/] is a deployable resource
10-01-2021 13:46:48.836 WARN  [main] o.c.b.s.b.s.c.i.DefaultDeploymentConfiguration - unable to determine if resource URL [jar:file:/C:/Users/HP/.m2/repository/org/camunda/bpm/dmn/camunda-engine-feel-api/7.10.0/camunda-engine-feel-api-7.10.0.jar!/META-INF/maven/org.camunda.bpm.dmn/] is a deployable resource
10-01-2021 13:46:48.837 WARN  [main] o.c.b.s.b.s.c.i.DefaultDeploymentConfiguration - unable to determine if resource URL [jar:file:/C:/Users/HP/.m2/repository/org/camunda/bpm/dmn/camunda-engine-feel-juel/7.10.0/camunda-engine-feel-juel-7.10.0.jar!/META-INF/maven/org.camunda.bpm.dmn/] is a deployable resource
10-01-2021 17:33:06.507 WARN  [main] o.s.b.a.o.j.JpaBaseConfiguration$JpaWebConfiguration - spring.jpa.open-in-view is enabled by default. Therefore, database queries may be performed during view rendering. Explicitly configure spring.jpa.open-in-view to disable this warning
10-01-2021 17:33:14.673 WARN  [main] o.c.b.s.b.s.c.i.DefaultDeploymentConfiguration - unable to determine if resource URL [jar:file:/C:/Users/HP/.m2/repository/org/camunda/bpm/dmn/camunda-engine-dmn/7.10.0/camunda-engine-dmn-7.10.0.jar!/META-INF/maven/org.camunda.bpm.dmn/] is a deployable resource
10-01-2021 17:33:14.674 WARN  [main] o.c.b.s.b.s.c.i.DefaultDeploymentConfiguration - unable to determine if resource URL [jar:file:/C:/Users/HP/.m2/repository/org/camunda/bpm/dmn/camunda-engine-feel-api/7.10.0/camunda-engine-feel-api-7.10.0.jar!/META-INF/maven/org.camunda.bpm.dmn/] is a deployable resource
10-01-2021 17:33:14.674 WARN  [main] o.c.b.s.b.s.c.i.DefaultDeploymentConfiguration - unable to determine if resource URL [jar:file:/C:/Users/HP/.m2/repository/org/camunda/bpm/dmn/camunda-engine-feel-juel/7.10.0/camunda-engine-feel-juel-7.10.0.jar!/META-INF/maven/org.camunda.bpm.dmn/] is a deployable resource
